#
# There is insufficient memory for the Java Runtime Environment to continue.
# Native memory allocation (malloc) failed to allocate 183536 bytes for Chunk::new
# Possible reasons:
#   The system is out of physical RAM or swap space
#   In 32 bit mode, the process size limit was hit
# Possible solutions:
#   Reduce memory load on the system
#   Increase physical memory or swap space
#   Check if swap backing store is full
#   Use 64 bit Java on a 64 bit OS
#   Decrease Java heap size (-Xmx/-Xms)
#   Decrease number of Java threads
#   Decrease Java thread stack sizes (-Xss)
#   Set larger code cache with -XX:ReservedCodeCacheSize=
# This output file may be truncated or incomplete.
#
#  Out of Memory Error (allocation.cpp:390), pid=1660, tid=0x00000000000021ec
#
# JRE version: Java(TM) SE Runtime Environment (8.0_151-b12) (build 1.8.0_151-b12)
# Java VM: Java HotSpot(TM) 64-Bit Server VM (25.151-b12 mixed mode windows-amd64 compressed oops)
# Failed to write core dump. Minidumps are not enabled by default on client versions of Windows
#

---------------  T H R E A D  ---------------

Current thread (0x0000000019261000):  JavaThread "C2 CompilerThread0" daemon [_thread_in_native, id=8684, stack(0x0000000019400000,0x0000000019500000)]

Stack: [0x0000000019400000,0x0000000019500000]
[error occurred during error reporting (printing stack bounds), id 0xc0000005]

Native frames: (J=compiled Java code, j=interpreted, Vv=VM code, C=native code)


Current CompileTask:
C2:1543919 3531       4       com.sun.javafx.sg.prism.NGNode::markCullRegions (204 bytes)


---------------  P R O C E S S  ---------------

Java Threads: ( => current thread )
  0x0000000019b65800 JavaThread "Prism Font Disposer" daemon [_thread_blocked, id=7668, stack(0x0000000023ec0000,0x0000000023fc0000)]
  0x0000000021673800 JavaThread "JavaFX-Launcher" [_thread_blocked, id=2668, stack(0x0000000022490000,0x0000000022590000)]
  0x000000001a3b3800 JavaThread "Thread-2" daemon [_thread_in_native, id=13232, stack(0x0000000022090000,0x0000000022190000)]
  0x000000001adc5000 JavaThread "JavaFX Application Thread" [_thread_in_Java, id=8724, stack(0x000000001bc70000,0x000000001bd70000)]
  0x000000001ac56000 JavaThread "Thread-1" daemon [_thread_blocked, id=8136, stack(0x000000001bb70000,0x000000001bc70000)]
  0x000000001a646000 JavaThread "QuantumRenderer-0" daemon [_thread_blocked, id=7836, stack(0x000000001b3d0000,0x000000001b4d0000)]
  0x00000000191d3000 JavaThread "Service Thread" daemon [_thread_blocked, id=3856, stack(0x0000000019700000,0x0000000019800000)]
  0x00000000192bb000 JavaThread "C1 CompilerThread2" daemon [_thread_blocked, id=3064, stack(0x0000000019600000,0x0000000019700000)]
  0x0000000019261800 JavaThread "C2 CompilerThread1" daemon [_thread_in_native, id=12672, stack(0x0000000019500000,0x0000000019600000)]
=>0x0000000019261000 JavaThread "C2 CompilerThread0" daemon [_thread_in_native, id=8684, stack(0x0000000019400000,0x0000000019500000)]
  0x000000001736b800 JavaThread "JDWP Command Reader" daemon [_thread_in_native, id=13668, stack(0x0000000018f00000,0x0000000019000000)]
  0x000000001736a000 JavaThread "JDWP Event Helper Thread" daemon [_thread_blocked, id=5848, stack(0x0000000018e00000,0x0000000018f00000)]
  0x0000000017359800 JavaThread "JDWP Transport Listener: dt_socket" daemon [_thread_blocked, id=3300, stack(0x0000000018d00000,0x0000000018e00000)]
  0x0000000017351800 JavaThread "Attach Listener" daemon [_thread_blocked, id=8280, stack(0x00000000188c0000,0x00000000189c0000)]
  0x000000001734f800 JavaThread "Signal Dispatcher" daemon [_thread_blocked, id=2840, stack(0x00000000187c0000,0x00000000188c0000)]
  0x000000001733a800 JavaThread "Finalizer" daemon [_thread_blocked, id=13524, stack(0x00000000185a0000,0x00000000186a0000)]
  0x00000000030e1000 JavaThread "Reference Handler" daemon [_thread_blocked, id=8440, stack(0x00000000184a0000,0x00000000185a0000)]
  0x0000000002ff2800 JavaThread "main" [_thread_blocked, id=8412, stack(0x0000000002df0000,0x0000000002ef0000)]

Other Threads:
  0x0000000017317800 VMThread [stack: 0x00000000183a0000,0x00000000184a0000] [id=9568]
  0x000000001927a800 WatcherThread [stack: 0x0000000019960000,0x0000000019a60000] [id=2400]

VM state:not at safepoint (normal execution)

VM Mutex/Monitor currently owned by a thread: None

Heap:
 PSYoungGen      total 48128K, used 11462K [0x00000000daf00000, 0x00000000df100000, 0x0000000100000000)
  eden space 44032K, 17% used [0x00000000daf00000,0x00000000db689b68,0x00000000dda00000)
  from space 4096K, 91% used [0x00000000ded00000,0x00000000df0a8010,0x00000000df100000)
  to   space 6144K, 0% used [0x00000000de500000,0x00000000de500000,0x00000000deb00000)
 ParOldGen       total 48640K, used 5977K [0x0000000090c00000, 0x0000000093b80000, 0x00000000daf00000)
  object space 48640K, 12% used [0x0000000090c00000,0x00000000911d67a8,0x0000000093b80000)
 Metaspace       used 24122K, capacity 25441K, committed 25728K, reserved 1071104K
  class space    used 3310K, capacity 3586K, committed 3712K, reserved 1048576K

Card table byte_map: [0x00000000124b0000,0x0000000012830000] byte_map_base: 0x000000001202a000

Marking Bits: (ParMarkBitMap*) 0x00000000521ed850
 Begin Bits: [0x0000000012e90000, 0x0000000014a60000)
 End Bits:   [0x0000000014a60000, 0x0000000016630000)

Polling page: 0x0000000000fb0000

CodeCache: size=245760Kb used=12053Kb max_used=12053Kb free=233706Kb
 bounds [0x00000000030f0000, 0x0000000003cc0000, 0x00000000120f0000]
 total_blobs=4067 nmethods=3351 adapters=634
 compilation: enabled

Compilation events (10 events):
Event: 1543.539 Thread 0x00000000192bb000 3528       3       com.sun.scenario.effect.impl.state.GaussianRenderState::getGaussianWeights (192 bytes)
Event: 1543.541 Thread 0x00000000192bb000 nmethod 3528 0x0000000003cb4650 code [0x0000000003cb48e0, 0x0000000003cb59f8]
Event: 1543.552 Thread 0x00000000192bb000 3529   !   3       java.util.concurrent.locks.AbstractQueuedSynchronizer::fullyRelease (54 bytes)
Event: 1543.553 Thread 0x0000000019261800 3530       4       com.sun.javafx.geom.transform.AffineBase::transform3DBounds (653 bytes)
Event: 1543.553 Thread 0x00000000192bb000 nmethod 3529 0x0000000003cb60d0 code [0x0000000003cb6280, 0x0000000003cb6888]
Event: 1543.553 Thread 0x0000000019261000 3531       4       com.sun.javafx.sg.prism.NGNode::markCullRegions (204 bytes)
Event: 1543.565 Thread 0x00000000192bb000 3533       3       com.sun.javafx.sg.prism.NGNode::getCompleteBounds (158 bytes)
Event: 1543.569 Thread 0x00000000192bb000 nmethod 3533 0x0000000003cb6b90 code [0x0000000003cb6e20, 0x0000000003cb8028]
Event: 1543.571 Thread 0x0000000019261800 nmethod 3530 0x0000000003cbc390 code [0x0000000003cbc5a0, 0x0000000003cbd1b8]
Event: 1543.571 Thread 0x0000000019261800 3534   !   4       com.sun.prism.impl.GlyphCache::getCachedGlyph (462 bytes)

GC Heap History (10 events):
Event: 6.441 GC heap before
{Heap before GC invocations=3 (full 0):
 PSYoungGen      total 33280K, used 32516K [0x00000000daf00000, 0x00000000dd400000, 0x0000000100000000)
  eden space 28672K, 100% used [0x00000000daf00000,0x00000000dcb00000,0x00000000dcb00000)
  from space 4608K, 83% used [0x00000000dcf80000,0x00000000dd341350,0x00000000dd400000)
  to   space 4608K, 0% used [0x00000000dcb00000,0x00000000dcb00000,0x00000000dcf80000)
 ParOldGen       total 76800K, used 16K [0x0000000090c00000, 0x0000000095700000, 0x00000000daf00000)
  object space 76800K, 0% used [0x0000000090c00000,0x0000000090c04000,0x0000000095700000)
 Metaspace       used 14298K, capacity 14622K, committed 14976K, reserved 1062912K
  class space    used 1740K, capacity 1859K, committed 1920K, reserved 1048576K
Event: 6.461 GC heap after
Heap after GC invocations=3 (full 0):
 PSYoungGen      total 33280K, used 4205K [0x00000000daf00000, 0x00000000dd400000, 0x0000000100000000)
  eden space 28672K, 0% used [0x00000000daf00000,0x00000000daf00000,0x00000000dcb00000)
  from space 4608K, 91% used [0x00000000dcb00000,0x00000000dcf1b480,0x00000000dcf80000)
  to   space 4608K, 0% used [0x00000000dcf80000,0x00000000dcf80000,0x00000000dd400000)
 ParOldGen       total 76800K, used 96K [0x0000000090c00000, 0x0000000095700000, 0x00000000daf00000)
  object space 76800K, 0% used [0x0000000090c00000,0x0000000090c18028,0x0000000095700000)
 Metaspace       used 14298K, capacity 14622K, committed 14976K, reserved 1062912K
  class space    used 1740K, capacity 1859K, committed 1920K, reserved 1048576K
}
Event: 7.915 GC heap before
{Heap before GC invocations=4 (full 0):
 PSYoungGen      total 33280K, used 32877K [0x00000000daf00000, 0x00000000dd400000, 0x0000000100000000)
  eden space 28672K, 100% used [0x00000000daf00000,0x00000000dcb00000,0x00000000dcb00000)
  from space 4608K, 91% used [0x00000000dcb00000,0x00000000dcf1b480,0x00000000dcf80000)
  to   space 4608K, 0% used [0x00000000dcf80000,0x00000000dcf80000,0x00000000dd400000)
 ParOldGen       total 76800K, used 96K [0x0000000090c00000, 0x0000000095700000, 0x00000000daf00000)
  object space 76800K, 0% used [0x0000000090c00000,0x0000000090c18028,0x0000000095700000)
 Metaspace       used 17519K, capacity 17958K, committed 18304K, reserved 1064960K
  class space    used 2226K, capacity 2336K, committed 2432K, reserved 1048576K
Event: 7.950 GC heap after
Heap after GC invocations=4 (full 0):
 PSYoungGen      total 33280K, used 4576K [0x00000000daf00000, 0x00000000df000000, 0x0000000100000000)
  eden space 28672K, 0% used [0x00000000daf00000,0x00000000daf00000,0x00000000dcb00000)
  from space 4608K, 99% used [0x00000000dcf80000,0x00000000dd3f8040,0x00000000dd400000)
  to   space 4608K, 0% used [0x00000000dcb00000,0x00000000dcb00000,0x00000000dcf80000)
 ParOldGen       total 76800K, used 670K [0x0000000090c00000, 0x0000000095700000, 0x00000000daf00000)
  object space 76800K, 0% used [0x0000000090c00000,0x0000000090ca79c8,0x0000000095700000)
 Metaspace       used 17519K, capacity 17958K, committed 18304K, reserved 1064960K
  class space    used 2226K, capacity 2336K, committed 2432K, reserved 1048576K
}
Event: 9.491 GC heap before
{Heap before GC invocations=5 (full 0):
 PSYoungGen      total 33280K, used 31718K [0x00000000daf00000, 0x00000000df000000, 0x0000000100000000)
  eden space 28672K, 94% used [0x00000000daf00000,0x00000000dc981a88,0x00000000dcb00000)
  from space 4608K, 99% used [0x00000000dcf80000,0x00000000dd3f8040,0x00000000dd400000)
  to   space 4608K, 0% used [0x00000000dcb00000,0x00000000dcb00000,0x00000000dcf80000)
 ParOldGen       total 76800K, used 670K [0x0000000090c00000, 0x0000000095700000, 0x00000000daf00000)
  object space 76800K, 0% used [0x0000000090c00000,0x0000000090ca79c8,0x0000000095700000)
 Metaspace       used 20367K, capacity 21127K, committed 21296K, reserved 1067008K
  class space    used 2751K, capacity 2944K, committed 2944K, reserved 1048576K
Event: 9.523 GC heap after
Heap after GC invocations=5 (full 0):
 PSYoungGen      total 33280K, used 4588K [0x00000000daf00000, 0x00000000df300000, 0x0000000100000000)
  eden space 28672K, 0% used [0x00000000daf00000,0x00000000daf00000,0x00000000dcb00000)
  from space 4608K, 99% used [0x00000000dcb00000,0x00000000dcf7b160,0x00000000dcf80000)
  to   space 6144K, 0% used [0x00000000ded00000,0x00000000ded00000,0x00000000df300000)
 ParOldGen       total 76800K, used 1440K [0x0000000090c00000, 0x0000000095700000, 0x00000000daf00000)
  object space 76800K, 1% used [0x0000000090c00000,0x0000000090d68300,0x0000000095700000)
 Metaspace       used 20367K, capacity 21127K, committed 21296K, reserved 1067008K
  class space    used 2751K, capacity 2944K, committed 2944K, reserved 1048576K
}
Event: 9.524 GC heap before
{Heap before GC invocations=6 (full 1):
 PSYoungGen      total 33280K, used 4588K [0x00000000daf00000, 0x00000000df300000, 0x0000000100000000)
  eden space 28672K, 0% used [0x00000000daf00000,0x00000000daf00000,0x00000000dcb00000)
  from space 4608K, 99% used [0x00000000dcb00000,0x00000000dcf7b160,0x00000000dcf80000)
  to   space 6144K, 0% used [0x00000000ded00000,0x00000000ded00000,0x00000000df300000)
 ParOldGen       total 76800K, used 1440K [0x0000000090c00000, 0x0000000095700000, 0x00000000daf00000)
  object space 76800K, 1% used [0x0000000090c00000,0x0000000090d68300,0x0000000095700000)
 Metaspace       used 20367K, capacity 21127K, committed 21296K, reserved 1067008K
  class space    used 2751K, capacity 2944K, committed 2944K, reserved 1048576K
Event: 9.622 GC heap after
Heap after GC invocations=6 (full 1):
 PSYoungGen      total 33280K, used 0K [0x00000000daf00000, 0x00000000df300000, 0x0000000100000000)
  eden space 28672K, 0% used [0x00000000daf00000,0x00000000daf00000,0x00000000dcb00000)
  from space 4608K, 0% used [0x00000000dcb00000,0x00000000dcb00000,0x00000000dcf80000)
  to   space 6144K, 0% used [0x00000000ded00000,0x00000000ded00000,0x00000000df300000)
 ParOldGen       total 48640K, used 5969K [0x0000000090c00000, 0x0000000093b80000, 0x00000000daf00000)
  object space 48640K, 12% used [0x0000000090c00000,0x00000000911d47a8,0x0000000093b80000)
 Metaspace       used 20367K, capacity 21127K, committed 21296K, reserved 1067008K
  class space    used 2751K, capacity 2944K, committed 2944K, reserved 1048576K
}
Event: 11.272 GC heap before
{Heap before GC invocations=7 (full 1):
 PSYoungGen      total 33280K, used 27701K [0x00000000daf00000, 0x00000000df300000, 0x0000000100000000)
  eden space 28672K, 96% used [0x00000000daf00000,0x00000000dca0d788,0x00000000dcb00000)
  from space 4608K, 0% used [0x00000000dcb00000,0x00000000dcb00000,0x00000000dcf80000)
  to   space 6144K, 0% used [0x00000000ded00000,0x00000000ded00000,0x00000000df300000)
 ParOldGen       total 48640K, used 5969K [0x0000000090c00000, 0x0000000093b80000, 0x00000000daf00000)
  object space 48640K, 12% used [0x0000000090c00000,0x00000000911d47a8,0x0000000093b80000)
 Metaspace       used 23122K, capacity 24457K, committed 24576K, reserved 1071104K
  class space    used 3265K, capacity 3536K, committed 3584K, reserved 1048576K
Event: 11.280 GC heap after
Heap after GC invocations=7 (full 1):
 PSYoungGen      total 48128K, used 3744K [0x00000000daf00000, 0x00000000df100000, 0x0000000100000000)
  eden space 44032K, 0% used [0x00000000daf00000,0x00000000daf00000,0x00000000dda00000)
  from space 4096K, 91% used [0x00000000ded00000,0x00000000df0a8010,0x00000000df100000)
  to   space 6144K, 0% used [0x00000000de500000,0x00000000de500000,0x00000000deb00000)
 ParOldGen       total 48640K, used 5977K [0x0000000090c00000, 0x0000000093b80000, 0x00000000daf00000)
  object space 48640K, 12% used [0x0000000090c00000,0x00000000911d67a8,0x0000000093b80000)
 Metaspace       used 23122K, capacity 24457K, committed 24576K, reserved 1071104K
  class space    used 3265K, capacity 3536K, committed 3584K, reserved 1048576K
}

Deoptimization events (10 events):
Event: 9.111 Thread 0x000000001adc5000 Uncommon trap: reason=class_check action=maybe_recompile pc=0x0000000003704f38 method=java.io.DataInputStream.readShort()S @ 4
Event: 9.313 Thread 0x000000001adc5000 Uncommon trap: reason=unstable_if action=reinterpret pc=0x00000000039261c4 method=java.lang.String.regionMatches(ZILjava/lang/String;II)Z @ 123
Event: 10.653 Thread 0x000000001adc5000 Uncommon trap: reason=array_check action=maybe_recompile pc=0x000000000397ec80 method=com.sun.javafx.css.SimpleSelector.applies(Ljavafx/css/Styleable;[Ljava/util/Set;I)Z @ 37
Event: 10.653 Thread 0x000000001adc5000 Uncommon trap: reason=array_check action=maybe_recompile pc=0x000000000397ec80 method=com.sun.javafx.css.SimpleSelector.applies(Ljavafx/css/Styleable;[Ljava/util/Set;I)Z @ 37
Event: 10.653 Thread 0x000000001adc5000 Uncommon trap: reason=array_check action=maybe_recompile pc=0x000000000397ec80 method=com.sun.javafx.css.SimpleSelector.applies(Ljavafx/css/Styleable;[Ljava/util/Set;I)Z @ 37
Event: 10.653 Thread 0x000000001adc5000 Uncommon trap: reason=array_check action=maybe_recompile pc=0x000000000397ec80 method=com.sun.javafx.css.SimpleSelector.applies(Ljavafx/css/Styleable;[Ljava/util/Set;I)Z @ 37
Event: 10.807 Thread 0x000000001adc5000 Uncommon trap: reason=array_check action=maybe_recompile pc=0x00000000039a4a84 method=com.sun.javafx.css.SimpleSelector.applies(Ljavafx/css/Styleable;[Ljava/util/Set;I)Z @ 37
Event: 30.985 Thread 0x000000001adc5000 Uncommon trap: reason=unstable_if action=reinterpret pc=0x0000000003915dd8 method=org.eclipse.jdt.launching.internal.org.objectweb.asm.ClassWriter.toByteArray()[B @ 271
Event: 31.386 Thread 0x000000001adc5000 Uncommon trap: reason=unstable_if action=reinterpret pc=0x0000000003879964 method=jdk.internal.org.objectweb.asm.Type.getArgumentsAndReturnSizes(Ljava/lang/String;)I @ 47
Event: 772.806 Thread 0x000000001a646000 Uncommon trap: reason=unstable_if action=reinterpret pc=0x0000000003bd1244 method=java.lang.StrictMath.floorOrCeil(DDDD)D @ 14

Internal exceptions (10 events):
Event: 1.331 Thread 0x0000000002ff2800 Exception <a 'java/security/PrivilegedActionException'> (0x00000000db7df4e8) thrown at [C:\re\workspace\8-2-build-windows-amd64-cygwin\jdk8u151\9699\hotspot\src\share\vm\prims\jvm.cpp, line 1390]
Event: 1.334 Thread 0x0000000002ff2800 Exception <a 'java/security/PrivilegedActionException'> (0x00000000db7e3158) thrown at [C:\re\workspace\8-2-build-windows-amd64-cygwin\jdk8u151\9699\hotspot\src\share\vm\prims\jvm.cpp, line 1390]
Event: 1.334 Thread 0x0000000002ff2800 Exception <a 'java/security/PrivilegedActionException'> (0x00000000db7e3368) thrown at [C:\re\workspace\8-2-build-windows-amd64-cygwin\jdk8u151\9699\hotspot\src\share\vm\prims\jvm.cpp, line 1390]
Event: 1.335 Thread 0x0000000002ff2800 Exception <a 'java/lang/NullPointerException'> (0x00000000db7e3cf0) thrown at [C:\re\workspace\8-2-build-windows-amd64-cygwin\jdk8u151\9699\hotspot\src\share\vm\interpreter\linkResolver.cpp, line 1183]
Event: 3.139 Thread 0x000000001adc5000 Implicit null exception at 0x000000000340d159 to 0x000000000340d629
Event: 5.666 Thread 0x000000001adc5000 Exception <a 'java/lang/NullPointerException'> (0x00000000dbc645e8) thrown at [C:\re\workspace\8-2-build-windows-amd64-cygwin\jdk8u151\9699\hotspot\src\share\vm\interpreter\linkResolver.cpp, line 1183]
Event: 5.666 Thread 0x000000001adc5000 Exception <a 'java/lang/NullPointerException'> (0x00000000dbc645e8) thrown at [C:\re\workspace\8-2-build-windows-amd64-cygwin\jdk8u151\9699\hotspot\src\share\vm\prims\jvm.cpp, line 1394]
Event: 7.295 Thread 0x000000001adc5000 Exception <a 'java/lang/ArrayIndexOutOfBoundsException'> (0x00000000dc071158) thrown at [C:\re\workspace\8-2-build-windows-amd64-cygwin\jdk8u151\9699\hotspot\src\share\vm\runtime\sharedRuntime.cpp, line 605]
Event: 7.298 Thread 0x000000001adc5000 Exception <a 'java/lang/ArrayIndexOutOfBoundsException'> (0x00000000dc0732a0) thrown at [C:\re\workspace\8-2-build-windows-amd64-cygwin\jdk8u151\9699\hotspot\src\share\vm\runtime\sharedRuntime.cpp, line 605]
Event: 7.300 Thread 0x000000001adc5000 Exception <a 'java/lang/ArrayIndexOutOfBoundsException'> (0x00000000dc075038) thrown at [C:\re\workspace\8-2-build-windows-amd64-cygwin\jdk8u151\9699\hotspot\src\share\vm\runtime\sharedRuntime.cpp, line 605]

Events (10 events):
Event: 882.022 Thread 0x00000000192bb000 flushing nmethod 0x0000000003645ed0
Event: 882.022 Thread 0x00000000192bb000 flushing nmethod 0x0000000003650c90
Event: 882.023 Thread 0x00000000192bb000 flushing nmethod 0x000000000368b810
Event: 882.023 Thread 0x00000000192bb000 flushing nmethod 0x00000000036ebb50
Event: 882.023 Thread 0x00000000192bb000 flushing nmethod 0x00000000036ede90
Event: 882.023 Thread 0x00000000192bb000 flushing nmethod 0x00000000036f3b90
Event: 882.023 Thread 0x00000000192bb000 flushing nmethod 0x00000000036f63d0
Event: 882.023 Thread 0x00000000192bb000 flushing nmethod 0x00000000036f90d0
Event: 882.023 Thread 0x00000000192bb000 flushing nmethod 0x00000000036fde50
Event: 882.023 Thread 0x00000000192bb000 flushing nmethod 0x0000000003700110


Dynamic libraries:
0x00007ff780660000 - 0x00007ff780697000 	C:\Program Files\Java\jre1.8.0_151\bin\javaw.exe
0x00007ffe86b70000 - 0x00007ffe86d51000 	C:\WINDOWS\SYSTEM32\ntdll.dll
0x00007ffe844b0000 - 0x00007ffe84561000 	C:\WINDOWS\System32\KERNEL32.DLL
0x00007ffe832e0000 - 0x00007ffe83553000 	C:\WINDOWS\System32\KERNELBASE.dll
0x00007ffe86930000 - 0x00007ffe869d1000 	C:\WINDOWS\System32\ADVAPI32.dll
0x00007ffe863c0000 - 0x00007ffe8645e000 	C:\WINDOWS\System32\msvcrt.dll
0x00007ffe86540000 - 0x00007ffe8659b000 	C:\WINDOWS\System32\sechost.dll
0x00007ffe86100000 - 0x00007ffe86224000 	C:\WINDOWS\System32\RPCRT4.dll
0x00007ffe86230000 - 0x00007ffe863c0000 	C:\WINDOWS\System32\USER32.dll
0x00007ffe83e90000 - 0x00007ffe83eb0000 	C:\WINDOWS\System32\win32u.dll
0x00007ffe86490000 - 0x00007ffe864b8000 	C:\WINDOWS\System32\GDI32.dll
0x00007ffe83560000 - 0x00007ffe836f2000 	C:\WINDOWS\System32\gdi32full.dll
0x00007ffe83f60000 - 0x00007ffe83fff000 	C:\WINDOWS\System32\msvcp_win.dll
0x00007ffe82f40000 - 0x00007ffe83038000 	C:\WINDOWS\System32\ucrtbase.dll
0x00007ffe78a70000 - 0x00007ffe78cd9000 	C:\WINDOWS\WinSxS\amd64_microsoft.windows.common-controls_6595b64144ccf1df_6.0.17134.706_none_fb43a2cb30647007\COMCTL32.dll
0x00007ffe865a0000 - 0x00007ffe868c2000 	C:\WINDOWS\System32\combase.dll
0x00007ffe83700000 - 0x00007ffe8377a000 	C:\WINDOWS\System32\bcryptPrimitives.dll
0x00007ffe86460000 - 0x00007ffe8648d000 	C:\WINDOWS\System32\IMM32.DLL
0x00000000518f0000 - 0x00000000519c2000 	C:\Program Files\Java\jre1.8.0_151\bin\msvcr100.dll
0x00000000519d0000 - 0x000000005226d000 	C:\Program Files\Java\jre1.8.0_151\bin\server\jvm.dll
0x00007ffe869e0000 - 0x00007ffe869e8000 	C:\WINDOWS\System32\PSAPI.DLL
0x00007ffe81110000 - 0x00007ffe81133000 	C:\WINDOWS\SYSTEM32\WINMM.dll
0x00007ffe81150000 - 0x00007ffe81159000 	C:\WINDOWS\SYSTEM32\WSOCK32.dll
0x00007ffe86ad0000 - 0x00007ffe86b3c000 	C:\WINDOWS\System32\WS2_32.dll
0x00007ffe7e3a0000 - 0x00007ffe7e3aa000 	C:\WINDOWS\SYSTEM32\VERSION.dll
0x00007ffe810e0000 - 0x00007ffe8110a000 	C:\WINDOWS\SYSTEM32\WINMMBASE.dll
0x00007ffe83eb0000 - 0x00007ffe83ef9000 	C:\WINDOWS\System32\cfgmgr32.dll
0x0000000052d90000 - 0x0000000052d9f000 	C:\Program Files\Java\jre1.8.0_151\bin\verify.dll
0x0000000052d60000 - 0x0000000052d89000 	C:\Program Files\Java\jre1.8.0_151\bin\java.dll
0x0000000052b50000 - 0x0000000052b85000 	C:\Program Files\Java\jre1.8.0_151\bin\jdwp.dll
0x0000000052b40000 - 0x0000000052b48000 	C:\Program Files\Java\jre1.8.0_151\bin\npt.dll
0x0000000052b10000 - 0x0000000052b33000 	C:\Program Files\Java\jre1.8.0_151\bin\instrument.dll
0x0000000052d40000 - 0x0000000052d56000 	C:\Program Files\Java\jre1.8.0_151\bin\zip.dll
0x00007ffe84930000 - 0x00007ffe85d70000 	C:\WINDOWS\System32\SHELL32.dll
0x00007ffe86a10000 - 0x00007ffe86ab9000 	C:\WINDOWS\System32\shcore.dll
0x00007ffe83780000 - 0x00007ffe83e8d000 	C:\WINDOWS\System32\windows.storage.dll
0x00007ffe84450000 - 0x00007ffe844a1000 	C:\WINDOWS\System32\shlwapi.dll
0x00007ffe82f20000 - 0x00007ffe82f31000 	C:\WINDOWS\System32\kernel.appcore.dll
0x00007ffe82ee0000 - 0x00007ffe82eff000 	C:\WINDOWS\System32\profapi.dll
0x00007ffe82e80000 - 0x00007ffe82ecc000 	C:\WINDOWS\System32\powrprof.dll
0x00007ffe82ed0000 - 0x00007ffe82eda000 	C:\WINDOWS\System32\FLTLIB.DLL
0x0000000052b00000 - 0x0000000052b09000 	C:\Program Files\Java\jre1.8.0_151\bin\dt_socket.dll
0x00007ffe67ac0000 - 0x00007ffe67ad6000 	C:\WINDOWS\system32\napinsp.dll
0x00007ffe69060000 - 0x00007ffe6907a000 	C:\WINDOWS\system32\pnrpnsp.dll
0x00007ffe7b090000 - 0x00007ffe7b0a9000 	C:\WINDOWS\system32\NLAapi.dll
0x00007ffe826a0000 - 0x00007ffe82706000 	C:\WINDOWS\System32\mswsock.dll
0x00007ffe82460000 - 0x00007ffe8251e000 	C:\WINDOWS\SYSTEM32\DNSAPI.dll
0x00007ffe86ac0000 - 0x00007ffe86ac8000 	C:\WINDOWS\System32\NSI.dll
0x00007ffe82420000 - 0x00007ffe82458000 	C:\WINDOWS\SYSTEM32\IPHLPAPI.DLL
0x00007ffe739b0000 - 0x00007ffe739be000 	C:\WINDOWS\System32\winrnr.dll
0x00007ffe7c290000 - 0x00007ffe7c2a5000 	C:\WINDOWS\System32\wshbth.dll
0x00007ffe74f80000 - 0x00007ffe74ff2000 	C:\WINDOWS\System32\fwpuclnt.dll
0x00007ffe829e0000 - 0x00007ffe82a05000 	C:\WINDOWS\SYSTEM32\bcrypt.dll
0x00007ffe74f70000 - 0x00007ffe74f7a000 	C:\Windows\System32\rasadhlp.dll
0x0000000001510000 - 0x0000000001513000 	C:\Program Files\Java\jre1.8.0_151\bin\api-ms-win-core-console-l1-1-0.dll
0x0000000001530000 - 0x0000000001533000 	C:\Program Files\Java\jre1.8.0_151\bin\api-ms-win-core-datetime-l1-1-0.dll
0x0000000002d20000 - 0x0000000002d23000 	C:\Program Files\Java\jre1.8.0_151\bin\api-ms-win-core-debug-l1-1-0.dll
0x0000000002d30000 - 0x0000000002d33000 	C:\Program Files\Java\jre1.8.0_151\bin\api-ms-win-core-errorhandling-l1-1-0.dll
0x0000000002d40000 - 0x0000000002d44000 	C:\Program Files\Java\jre1.8.0_151\bin\api-ms-win-core-file-l1-1-0.dll
0x0000000002d50000 - 0x0000000002d53000 	C:\Program Files\Java\jre1.8.0_151\bin\api-ms-win-core-file-l1-2-0.dll
0x0000000002d60000 - 0x0000000002d63000 	C:\Program Files\Java\jre1.8.0_151\bin\api-ms-win-core-file-l2-1-0.dll
0x0000000002d70000 - 0x0000000002d73000 	C:\Program Files\Java\jre1.8.0_151\bin\api-ms-win-core-handle-l1-1-0.dll
0x0000000002d80000 - 0x0000000002d83000 	C:\Program Files\Java\jre1.8.0_151\bin\api-ms-win-core-heap-l1-1-0.dll
0x0000000002d90000 - 0x0000000002d93000 	C:\Program Files\Java\jre1.8.0_151\bin\api-ms-win-core-interlocked-l1-1-0.dll
0x0000000002da0000 - 0x0000000002da3000 	C:\Program Files\Java\jre1.8.0_151\bin\api-ms-win-core-libraryloader-l1-1-0.dll
0x0000000002db0000 - 0x0000000002db3000 	C:\Program Files\Java\jre1.8.0_151\bin\api-ms-win-core-localization-l1-2-0.dll
0x0000000002dc0000 - 0x0000000002dc3000 	C:\Program Files\Java\jre1.8.0_151\bin\api-ms-win-core-memory-l1-1-0.dll
0x0000000002dd0000 - 0x0000000002dd3000 	C:\Program Files\Java\jre1.8.0_151\bin\api-ms-win-core-namedpipe-l1-1-0.dll
0x000000001b230000 - 0x000000001b233000 	C:\Program Files\Java\jre1.8.0_151\bin\api-ms-win-core-processenvironment-l1-1-0.dll
0x000000001b240000 - 0x000000001b243000 	C:\Program Files\Java\jre1.8.0_151\bin\api-ms-win-core-processthreads-l1-1-0.dll
0x000000001b250000 - 0x000000001b253000 	C:\Program Files\Java\jre1.8.0_151\bin\api-ms-win-core-processthreads-l1-1-1.dll
0x000000001b260000 - 0x000000001b263000 	C:\Program Files\Java\jre1.8.0_151\bin\api-ms-win-core-profile-l1-1-0.dll
0x000000001b270000 - 0x000000001b273000 	C:\Program Files\Java\jre1.8.0_151\bin\api-ms-win-core-rtlsupport-l1-1-0.dll
0x000000001b280000 - 0x000000001b283000 	C:\Program Files\Java\jre1.8.0_151\bin\api-ms-win-core-string-l1-1-0.dll
0x000000001b290000 - 0x000000001b293000 	C:\Program Files\Java\jre1.8.0_151\bin\api-ms-win-core-synch-l1-1-0.dll
0x000000001b2a0000 - 0x000000001b2a3000 	C:\Program Files\Java\jre1.8.0_151\bin\api-ms-win-core-synch-l1-2-0.dll
0x000000001b2b0000 - 0x000000001b2b3000 	C:\Program Files\Java\jre1.8.0_151\bin\api-ms-win-core-sysinfo-l1-1-0.dll
0x000000001b2c0000 - 0x000000001b2c3000 	C:\Program Files\Java\jre1.8.0_151\bin\api-ms-win-core-timezone-l1-1-0.dll
0x000000001b2d0000 - 0x000000001b2d3000 	C:\Program Files\Java\jre1.8.0_151\bin\api-ms-win-core-util-l1-1-0.dll
0x000000001b2e0000 - 0x000000001b2e3000 	C:\Program Files\Java\jre1.8.0_151\bin\api-ms-win-crt-conio-l1-1-0.dll
0x000000001b2f0000 - 0x000000001b2f4000 	C:\Program Files\Java\jre1.8.0_151\bin\api-ms-win-crt-convert-l1-1-0.dll
0x000000001b300000 - 0x000000001b303000 	C:\Program Files\Java\jre1.8.0_151\bin\api-ms-win-crt-environment-l1-1-0.dll
0x000000001b310000 - 0x000000001b313000 	C:\Program Files\Java\jre1.8.0_151\bin\api-ms-win-crt-filesystem-l1-1-0.dll
0x000000001b320000 - 0x000000001b323000 	C:\Program Files\Java\jre1.8.0_151\bin\api-ms-win-crt-heap-l1-1-0.dll
0x000000001b330000 - 0x000000001b333000 	C:\Program Files\Java\jre1.8.0_151\bin\api-ms-win-crt-locale-l1-1-0.dll
0x000000001b340000 - 0x000000001b345000 	C:\Program Files\Java\jre1.8.0_151\bin\api-ms-win-crt-math-l1-1-0.dll
0x000000001b350000 - 0x000000001b355000 	C:\Program Files\Java\jre1.8.0_151\bin\api-ms-win-crt-multibyte-l1-1-0.dll
0x000000001b360000 - 0x000000001b370000 	C:\Program Files\Java\jre1.8.0_151\bin\api-ms-win-crt-private-l1-1-0.dll
0x000000001b370000 - 0x000000001b373000 	C:\Program Files\Java\jre1.8.0_151\bin\api-ms-win-crt-process-l1-1-0.dll
0x000000001b380000 - 0x000000001b384000 	C:\Program Files\Java\jre1.8.0_151\bin\api-ms-win-crt-runtime-l1-1-0.dll
0x000000001b390000 - 0x000000001b394000 	C:\Program Files\Java\jre1.8.0_151\bin\api-ms-win-crt-stdio-l1-1-0.dll
0x000000001b3a0000 - 0x000000001b3a4000 	C:\Program Files\Java\jre1.8.0_151\bin\api-ms-win-crt-string-l1-1-0.dll
0x000000001b3b0000 - 0x000000001b3b3000 	C:\Program Files\Java\jre1.8.0_151\bin\api-ms-win-crt-time-l1-1-0.dll
0x000000001b3c0000 - 0x000000001b3c3000 	C:\Program Files\Java\jre1.8.0_151\bin\api-ms-win-crt-utility-l1-1-0.dll
0x00007ffe5b570000 - 0x00007ffe5b666000 	C:\Program Files\Java\jre1.8.0_151\bin\ucrtbase.dll
0x00007ffe67180000 - 0x00007ffe671d1000 	C:\Program Files\Java\jre1.8.0_151\bin\concrt140.dll
0x00007ffe77b50000 - 0x00007ffe77b66000 	C:\Program Files\Java\jre1.8.0_151\bin\VCRUNTIME140.dll
0x00007ffe5b4d0000 - 0x00007ffe5b56c000 	C:\Program Files\Java\jre1.8.0_151\bin\MSVCP140.dll
0x00000000518c0000 - 0x00000000518e3000 	C:\Program Files\Java\jre1.8.0_151\bin\prism_d3d.dll
0x00007ffe35bf0000 - 0x00007ffe35d87000 	C:\WINDOWS\system32\d3d9.dll
0x00007ffe81610000 - 0x00007ffe81639000 	C:\WINDOWS\SYSTEM32\dwmapi.dll
0x00007ffe81380000 - 0x00007ffe81418000 	C:\WINDOWS\system32\uxtheme.dll
0x00007ffe7e3b0000 - 0x00007ffe7e514000 	C:\WINDOWS\SYSTEM32\aticfx64.dll
0x00007ffe5d330000 - 0x00007ffe5d351000 	C:\WINDOWS\SYSTEM32\atiu9p64.dll
0x00007ffe35390000 - 0x00007ffe35be9000 	C:\WINDOWS\SYSTEM32\atiumd64.dll
0x0000000052270000 - 0x0000000052af8000 	C:\WINDOWS\SYSTEM32\atiumd6a.dll
0x0000000051870000 - 0x00000000518b9000 	C:\Program Files\Java\jre1.8.0_151\bin\glass.dll
0x00007ffe85d70000 - 0x00007ffe85e5d000 	C:\WINDOWS\System32\COMDLG32.dll
0x00007ffe85e60000 - 0x00007ffe85fb1000 	C:\WINDOWS\System32\ole32.dll
0x00007ffe85fd0000 - 0x00007ffe86092000 	C:\WINDOWS\System32\OLEAUT32.dll
0x00007ffe847b0000 - 0x00007ffe84923000 	C:\WINDOWS\System32\MSCTF.dll
0x00007ffe658b0000 - 0x00007ffe658f8000 	C:\Program Files (x86)\TeamViewer\tv_x64.dll
0x00007ffe82850000 - 0x00007ffe82867000 	C:\WINDOWS\SYSTEM32\CRYPTSP.dll
0x00007ffe82280000 - 0x00007ffe822b3000 	C:\WINDOWS\system32\rsaenh.dll
0x00007ffe82db0000 - 0x00007ffe82dd8000 	C:\WINDOWS\SYSTEM32\USERENV.dll
0x00007ffe82870000 - 0x00007ffe8287b000 	C:\WINDOWS\SYSTEM32\CRYPTBASE.dll
0x0000000052d20000 - 0x0000000052d3a000 	C:\Program Files\Java\jre1.8.0_151\bin\net.dll
0x00007ffe79820000 - 0x00007ffe79836000 	C:\WINDOWS\SYSTEM32\dhcpcsvc6.DLL
0x00007ffe79cc0000 - 0x00007ffe79cda000 	C:\WINDOWS\SYSTEM32\dhcpcsvc.DLL
0x0000000052d00000 - 0x0000000052d11000 	C:\Program Files\Java\jre1.8.0_151\bin\nio.dll
0x0000000061680000 - 0x000000006176d000 	C:\Users\Oscar\AppData\Local\Temp\sqlite-3.14.2.1-faa4152e-3b54-47c2-b802-17e68e0c25c3-sqlitejdbc.dll
0x0000000051850000 - 0x0000000051864000 	C:\Program Files\Java\jre1.8.0_151\bin\javafx_font.dll
0x00007ffe76070000 - 0x00007ffe7638c000 	C:\WINDOWS\SYSTEM32\dwrite.dll
0x00007ffe84570000 - 0x00007ffe84610000 	C:\WINDOWS\System32\clbcatq.dll
0x00007ffe7ee20000 - 0x00007ffe7efce000 	C:\WINDOWS\SYSTEM32\WindowsCodecs.dll
0x00007ffe679e0000 - 0x00007ffe67a38000 	C:\WINDOWS\system32\dataexchange.dll
0x00007ffe80540000 - 0x00007ffe8084b000 	C:\WINDOWS\system32\d3d11.dll
0x00007ffe80960000 - 0x00007ffe80afc000 	C:\WINDOWS\system32\dcomp.dll

VM Arguments:
jvm_args: -agentlib:jdwp=transport=dt_socket,suspend=y,address=localhost:61992 -javaagent:C:\Users\Oscar\eclipse\java-2018-09\eclipse\configuration\org.eclipse.osgi\237\0\.cp\lib\javaagent-shaded.jar -Dfile.encoding=Cp1252 
java_command: application.Main
java_class_path (initial): C:\Users\Oscar\workspace\Gestion Proyectos ENAGAS\bin;C:\Users\Oscar\.p2\pool\plugins\org.eclipse.fx.ide.css.jfx8_3.4.1.201810030906.jar;C:\Users\Oscar\workspace\Gestion Proyectos ENAGAS\lib\controlsfx-8.40.14.jar;C:\Users\Oscar\workspace\Gestion Proyectos ENAGAS\lib\jdom-2.0.6-contrib.jar;C:\Users\Oscar\workspace\Gestion Proyectos ENAGAS\lib\jdom-2.0.6-javadoc.jar;C:\Users\Oscar\workspace\Gestion Proyectos ENAGAS\lib\jdom-2.0.6-junit.jar;C:\Users\Oscar\workspace\Gestion Proyectos ENAGAS\lib\jdom-2.0.6-sources.jar;C:\Users\Oscar\workspace\Gestion Proyectos ENAGAS\lib\jdom-2.0.6.jar;C:\Users\Oscar\workspace\Gestion Proyectos ENAGAS\lib\xml-apis.jar;C:\Users\Oscar\workspace\Gestion Proyectos ENAGAS\lib\serializer-2.7.2.jar;C:\Users\Oscar\workspace\Gestion Proyectos ENAGAS\lib\xercesImpl.jar;C:\Users\Oscar\workspace\Gestion Proyectos ENAGAS\lib\xalan-2.7.2.jar;C:\Users\Oscar\workspace\Gestion Proyectos ENAGAS\lib\sqlite-jdbc-3.14.2.1.jar;C:\Users\Oscar\workspace\Gestion Proyectos ENAGAS\lib\commons-collections4-4.2.jar;C:\Users\Oscar\workspace\Gestion Proyectos ENAGAS\lib\poi-4.0.1.jar;C:\Users\Oscar\workspace\Gestion Proyectos ENAGAS\lib\poi-ooxml-4.0.1.jar;C:\Users\Oscar\workspace\Gestion Proyectos ENAGAS\lib\poi-ooxml-schemas-4.0.1.jar;C:\Users\Oscar\workspace\Gestion Proyectos ENAGAS\lib\commons-codec-1.11.jar;C:\Users\Oscar\workspace\Gestion Proyectos ENAGAS\lib\commons-compress-1.18.jar;C:\Users\Oscar\workspace\Gestion Proyectos ENAGAS\lib\commons-logging-1.2.jar;C:\Users\Oscar\workspace\Gestion Proyectos ENAGAS\lib\commons-math3-3.6.1.jar;C:\Users\Oscar\workspace\Gestion Proyectos ENAGAS\lib\poi-excelant-4.0.1.jar;C:\Users\Oscar\workspace\Gestion Proyectos ENAGAS\lib\poi-scratchpad-4.0.1.jar;C:\Users\Oscar\workspace\Gestion Proyectos ENAGAS\lib\curvesapi-1.05.jar;C:\Users\Oscar\workspace\Gestion Proyectos ENAGAS\lib\xmlbeans-3.0.2.jar;C:\Users\Oscar\eclipse\java-2018-09\eclipse\configuration\org.eclipse.osgi\237\0\.cp\lib\javaagent-s
Launcher Type: SUN_STANDARD

Environment Variables:
PATH=C:/Program Files/Java/jre1.8.0_151/bin/server;C:/Program Files/Java/jre1.8.0_151/bin;C:/Program Files/Java/jre1.8.0_151/lib/amd64;C:\ProgramData\Oracle\Java\javapath;C:\Program Files\Broadcom\Broadcom 802.11 Network Adapter;;C:\WINDOWS\system32;C:\WINDOWS;C:\WINDOWS\System32\Wbem;C:\WINDOWS\System32\WindowsPowerShell\v1.0\;c:\Program Files (x86)\ATI Technologies\ATI.ACE\Core-Static;C:\Program Files (x86)\Calibre2\;C:\WINDOWS\System32\OpenSSH\;C:\Users\Oscar\AppData\Local\Microsoft\WindowsApps;;C:\Users\Oscar\Desktop;
USERNAME=Oscar
OS=Windows_NT
PROCESSOR_IDENTIFIER=AMD64 Family 22 Model 48 Stepping 1, AuthenticAMD



---------------  S Y S T E M  ---------------

OS: Windows 10.0 , 64 bit Build 17134 (10.0.17134.706)

CPU:total 4 (initial active 4) (4 cores per cpu, 1 threads per core) family 22 model 48 stepping 1, cmov, cx8, fxsr, mmx, sse, sse2, sse3, ssse3, sse4.1, sse4.2, popcnt, avx, aes, clmul, mmxext, 3dnowpref, lzcnt, sse4a, tsc, tscinvbit, tscinv, bmi1

Memory: 4k page, physical 7283720k(2554512k free), swap 9111560k(2540k free)

vm_info: Java HotSpot(TM) 64-Bit Server VM (25.151-b12) for windows-amd64 JRE (1.8.0_151-b12), built on Sep  5 2017 19:33:46 by "java_re" with MS VC++ 10.0 (VS2010)

time: Wed May 01 17:02:58 2019
elapsed time: 1543 seconds (0d 0h 25m 43s)

