#
# There is insufficient memory for the Java Runtime Environment to continue.
# Native memory allocation (malloc) failed to allocate 1791056 bytes for Chunk::new
# Possible reasons:
#   The system is out of physical RAM or swap space
#   In 32 bit mode, the process size limit was hit
# Possible solutions:
#   Reduce memory load on the system
#   Increase physical memory or swap space
#   Check if swap backing store is full
#   Use 64 bit Java on a 64 bit OS
#   Decrease Java heap size (-Xmx/-Xms)
#   Decrease number of Java threads
#   Decrease Java thread stack sizes (-Xss)
#   Set larger code cache with -XX:ReservedCodeCacheSize=
# This output file may be truncated or incomplete.
#
#  Out of Memory Error (allocation.cpp:390), pid=15268, tid=0x0000000000002260
#
# JRE version: Java(TM) SE Runtime Environment (8.0_151-b12) (build 1.8.0_151-b12)
# Java VM: Java HotSpot(TM) 64-Bit Server VM (25.151-b12 mixed mode windows-amd64 compressed oops)
# Failed to write core dump. Minidumps are not enabled by default on client versions of Windows
#

---------------  T H R E A D  ---------------

Current thread (0x0000000018965000):  JavaThread "C2 CompilerThread0" daemon [_thread_in_native, id=8800, stack(0x0000000018c00000,0x0000000018d00000)]

Stack: [0x0000000018c00000,0x0000000018d00000]
[error occurred during error reporting (printing stack bounds), id 0xc0000005]

Native frames: (J=compiled Java code, j=interpreted, Vv=VM code, C=native code)


Current CompileTask:
C2:  32169 6000       4       javafx.scene.CssStyleHelper::lookupFont (1235 bytes)


---------------  P R O C E S S  ---------------

Java Threads: ( => current thread )
  0x000000001c28a800 JavaThread "Prism Font Disposer" daemon [_thread_blocked, id=15044, stack(0x0000000024e90000,0x0000000024f90000)]
  0x000000001ab0e800 JavaThread "JavaFX-Launcher" [_thread_blocked, id=4488, stack(0x0000000022f40000,0x0000000023040000)]
  0x000000001a3a6800 JavaThread "Thread-2" daemon [_thread_in_native, id=10504, stack(0x0000000022ad0000,0x0000000022bd0000)]
  0x000000001a3fa800 JavaThread "JavaFX Application Thread" [_thread_in_Java, id=8052, stack(0x000000001b2f0000,0x000000001b3f0000)]
  0x000000001a307800 JavaThread "Thread-1" daemon [_thread_blocked, id=4852, stack(0x000000001b1f0000,0x000000001b2f0000)]
  0x0000000019f2d800 JavaThread "QuantumRenderer-0" daemon [_thread_blocked, id=2660, stack(0x000000001ab10000,0x000000001ac10000)]
  0x0000000018930800 JavaThread "Service Thread" daemon [_thread_blocked, id=12988, stack(0x0000000018f00000,0x0000000019000000)]
  0x00000000189b5000 JavaThread "C1 CompilerThread2" daemon [_thread_blocked, id=11452, stack(0x0000000018e00000,0x0000000018f00000)]
  0x00000000189c6000 JavaThread "C2 CompilerThread1" daemon [_thread_in_native, id=2432, stack(0x0000000018d00000,0x0000000018e00000)]
=>0x0000000018965000 JavaThread "C2 CompilerThread0" daemon [_thread_in_native, id=8800, stack(0x0000000018c00000,0x0000000018d00000)]
  0x0000000016b6a000 JavaThread "JDWP Command Reader" daemon [_thread_in_native, id=14004, stack(0x0000000018700000,0x0000000018800000)]
  0x0000000016b68800 JavaThread "JDWP Event Helper Thread" daemon [_thread_blocked, id=9804, stack(0x0000000018600000,0x0000000018700000)]
  0x0000000016b62000 JavaThread "JDWP Transport Listener: dt_socket" daemon [_thread_blocked, id=15180, stack(0x0000000018500000,0x0000000018600000)]
  0x0000000016b50000 JavaThread "Attach Listener" daemon [_thread_blocked, id=13180, stack(0x00000000180c0000,0x00000000181c0000)]
  0x0000000016b4e000 JavaThread "Signal Dispatcher" daemon [_thread_blocked, id=8288, stack(0x0000000017fc0000,0x00000000180c0000)]
  0x00000000028ec000 JavaThread "Finalizer" daemon [_thread_blocked, id=7552, stack(0x0000000017db0000,0x0000000017eb0000)]
  0x00000000028e1000 JavaThread "Reference Handler" daemon [_thread_blocked, id=12832, stack(0x0000000017cb0000,0x0000000017db0000)]
  0x00000000027f2800 JavaThread "main" [_thread_blocked, id=14220, stack(0x0000000002300000,0x0000000002400000)]

Other Threads:
  0x0000000016b18000 VMThread [stack: 0x0000000017bb0000,0x0000000017cb0000] [id=11656]
  0x0000000018958000 WatcherThread [stack: 0x0000000019160000,0x0000000019260000] [id=15244]

VM state:not at safepoint (normal execution)

VM Mutex/Monitor currently owned by a thread: None

Heap:
 PSYoungGen      total 108032K, used 34800K [0x00000000daf00000, 0x00000000e2c00000, 0x0000000100000000)
  eden space 98304K, 25% used [0x00000000daf00000,0x00000000dc77ffe0,0x00000000e0f00000)
  from space 9728K, 99% used [0x00000000e1900000,0x00000000e227c050,0x00000000e2280000)
  to   space 6656K, 0% used [0x00000000e2580000,0x00000000e2580000,0x00000000e2c00000)
 ParOldGen       total 45568K, used 31937K [0x0000000090c00000, 0x0000000093880000, 0x00000000daf00000)
  object space 45568K, 70% used [0x0000000090c00000,0x0000000092b305c8,0x0000000093880000)
 Metaspace       used 26792K, capacity 28480K, committed 28672K, reserved 1075200K
  class space    used 3516K, capacity 3839K, committed 3840K, reserved 1048576K

Card table byte_map: [0x0000000011cb0000,0x0000000012030000] byte_map_base: 0x000000001182a000

Marking Bits: (ParMarkBitMap*) 0x00000000695cd850
 Begin Bits: [0x0000000012690000, 0x0000000014260000)
 End Bits:   [0x0000000014260000, 0x0000000015e30000)

Polling page: 0x00000000003f0000

CodeCache: size=245760Kb used=21431Kb max_used=21431Kb free=224328Kb
 bounds [0x00000000028f0000, 0x0000000003e00000, 0x00000000118f0000]
 total_blobs=6142 nmethods=5431 adapters=630
 compilation: enabled

Compilation events (10 events):
Event: 31.959 Thread 0x00000000189b5000 6035       3       javafx.scene.layout.StackPane::layoutChildren (226 bytes)
Event: 31.967 Thread 0x00000000189b5000 nmethod 6035 0x0000000003de0110 code [0x0000000003de05a0, 0x0000000003de3e68]
Event: 31.983 Thread 0x00000000189b5000 6036       3       com.sun.javafx.scene.control.skin.VirtualFlow::getPosition (5 bytes)
Event: 31.983 Thread 0x00000000189b5000 nmethod 6036 0x0000000003de7010 code [0x0000000003de7160, 0x0000000003de72b0]
Event: 32.004 Thread 0x00000000189b5000 6038       3       javafx.scene.Parent::layoutChildren (56 bytes)
Event: 32.006 Thread 0x00000000189b5000 nmethod 6038 0x0000000003de7350 code [0x0000000003de7540, 0x0000000003de7f08]
Event: 32.093 Thread 0x00000000189b5000 6040       3       javafx.scene.layout.StackPane::getContentBias (84 bytes)
Event: 32.094 Thread 0x00000000189b5000 nmethod 6040 0x0000000003de8250 code [0x0000000003de8420, 0x0000000003de8c08]
Event: 32.094 Thread 0x00000000189b5000 6041       3       javafx.scene.layout.Region::snapPosition (9 bytes)
Event: 32.095 Thread 0x00000000189b5000 nmethod 6041 0x0000000003de8e50 code [0x0000000003de8fc0, 0x0000000003de92a8]

GC Heap History (10 events):
Event: 10.056 GC heap before
{Heap before GC invocations=4 (full 0):
 PSYoungGen      total 33280K, used 32894K [0x00000000daf00000, 0x00000000df000000, 0x0000000100000000)
  eden space 28672K, 100% used [0x00000000daf00000,0x00000000dcb00000,0x00000000dcb00000)
  from space 4608K, 91% used [0x00000000dcb00000,0x00000000dcf1fa30,0x00000000dcf80000)
  to   space 4608K, 0% used [0x00000000deb80000,0x00000000deb80000,0x00000000df000000)
 ParOldGen       total 76800K, used 96K [0x0000000090c00000, 0x0000000095700000, 0x00000000daf00000)
  object space 76800K, 0% used [0x0000000090c00000,0x0000000090c18028,0x0000000095700000)
 Metaspace       used 17648K, capacity 18212K, committed 18304K, reserved 1064960K
  class space    used 2256K, capacity 2419K, committed 2432K, reserved 1048576K
Event: 10.067 GC heap after
Heap after GC invocations=4 (full 0):
 PSYoungGen      total 61952K, used 4576K [0x00000000daf00000, 0x00000000df000000, 0x0000000100000000)
  eden space 57344K, 0% used [0x00000000daf00000,0x00000000daf00000,0x00000000de700000)
  from space 4608K, 99% used [0x00000000deb80000,0x00000000deff8040,0x00000000df000000)
  to   space 4608K, 0% used [0x00000000de700000,0x00000000de700000,0x00000000deb80000)
 ParOldGen       total 76800K, used 706K [0x0000000090c00000, 0x0000000095700000, 0x00000000daf00000)
  object space 76800K, 0% used [0x0000000090c00000,0x0000000090cb09b8,0x0000000095700000)
 Metaspace       used 17648K, capacity 18212K, committed 18304K, reserved 1064960K
  class space    used 2256K, capacity 2419K, committed 2432K, reserved 1048576K
}
Event: 11.495 GC heap before
{Heap before GC invocations=5 (full 0):
 PSYoungGen      total 61952K, used 35611K [0x00000000daf00000, 0x00000000df000000, 0x0000000100000000)
  eden space 57344K, 54% used [0x00000000daf00000,0x00000000dcd4edd8,0x00000000de700000)
  from space 4608K, 99% used [0x00000000deb80000,0x00000000deff8040,0x00000000df000000)
  to   space 4608K, 0% used [0x00000000de700000,0x00000000de700000,0x00000000deb80000)
 ParOldGen       total 76800K, used 706K [0x0000000090c00000, 0x0000000095700000, 0x00000000daf00000)
  object space 76800K, 0% used [0x0000000090c00000,0x0000000090cb09b8,0x0000000095700000)
 Metaspace       used 20521K, capacity 21262K, committed 21296K, reserved 1067008K
  class space    used 2730K, capacity 2916K, committed 2944K, reserved 1048576K
Event: 11.510 GC heap after
Heap after GC invocations=5 (full 0):
 PSYoungGen      total 61952K, used 4588K [0x00000000daf00000, 0x00000000e2c00000, 0x0000000100000000)
  eden space 57344K, 0% used [0x00000000daf00000,0x00000000daf00000,0x00000000de700000)
  from space 4608K, 99% used [0x00000000de700000,0x00000000deb7b160,0x00000000deb80000)
  to   space 6656K, 0% used [0x00000000e2580000,0x00000000e2580000,0x00000000e2c00000)
 ParOldGen       total 76800K, used 1664K [0x0000000090c00000, 0x0000000095700000, 0x00000000daf00000)
  object space 76800K, 2% used [0x0000000090c00000,0x0000000090da0300,0x0000000095700000)
 Metaspace       used 20521K, capacity 21262K, committed 21296K, reserved 1067008K
  class space    used 2730K, capacity 2916K, committed 2944K, reserved 1048576K
}
Event: 11.510 GC heap before
{Heap before GC invocations=6 (full 1):
 PSYoungGen      total 61952K, used 4588K [0x00000000daf00000, 0x00000000e2c00000, 0x0000000100000000)
  eden space 57344K, 0% used [0x00000000daf00000,0x00000000daf00000,0x00000000de700000)
  from space 4608K, 99% used [0x00000000de700000,0x00000000deb7b160,0x00000000deb80000)
  to   space 6656K, 0% used [0x00000000e2580000,0x00000000e2580000,0x00000000e2c00000)
 ParOldGen       total 76800K, used 1664K [0x0000000090c00000, 0x0000000095700000, 0x00000000daf00000)
  object space 76800K, 2% used [0x0000000090c00000,0x0000000090da0300,0x0000000095700000)
 Metaspace       used 20521K, capacity 21262K, committed 21296K, reserved 1067008K
  class space    used 2730K, capacity 2916K, committed 2944K, reserved 1048576K
Event: 11.585 GC heap after
Heap after GC invocations=6 (full 1):
 PSYoungGen      total 61952K, used 0K [0x00000000daf00000, 0x00000000e2c00000, 0x0000000100000000)
  eden space 57344K, 0% used [0x00000000daf00000,0x00000000daf00000,0x00000000de700000)
  from space 4608K, 0% used [0x00000000de700000,0x00000000de700000,0x00000000deb80000)
  to   space 6656K, 0% used [0x00000000e2580000,0x00000000e2580000,0x00000000e2c00000)
 ParOldGen       total 45568K, used 6119K [0x0000000090c00000, 0x0000000093880000, 0x00000000daf00000)
  object space 45568K, 13% used [0x0000000090c00000,0x00000000911f9e90,0x0000000093880000)
 Metaspace       used 20521K, capacity 21262K, committed 21296K, reserved 1067008K
  class space    used 2730K, capacity 2916K, committed 2944K, reserved 1048576K
}
Event: 15.059 GC heap before
{Heap before GC invocations=7 (full 1):
 PSYoungGen      total 61952K, used 57344K [0x00000000daf00000, 0x00000000e2c00000, 0x0000000100000000)
  eden space 57344K, 100% used [0x00000000daf00000,0x00000000de700000,0x00000000de700000)
  from space 4608K, 0% used [0x00000000de700000,0x00000000de700000,0x00000000deb80000)
  to   space 6656K, 0% used [0x00000000e2580000,0x00000000e2580000,0x00000000e2c00000)
 ParOldGen       total 45568K, used 6119K [0x0000000090c00000, 0x0000000093880000, 0x00000000daf00000)
  object space 45568K, 13% used [0x0000000090c00000,0x00000000911f9e90,0x0000000093880000)
 Metaspace       used 23754K, capacity 25156K, committed 25344K, reserved 1071104K
  class space    used 3242K, capacity 3519K, committed 3584K, reserved 1048576K
Event: 15.148 GC heap after
Heap after GC invocations=7 (full 1):
 PSYoungGen      total 104960K, used 6656K [0x00000000daf00000, 0x00000000e2c00000, 0x0000000100000000)
  eden space 98304K, 0% used [0x00000000daf00000,0x00000000daf00000,0x00000000e0f00000)
  from space 6656K, 100% used [0x00000000e2580000,0x00000000e2c00000,0x00000000e2c00000)
  to   space 9728K, 0% used [0x00000000e1900000,0x00000000e1900000,0x00000000e2280000)
 ParOldGen       total 45568K, used 10132K [0x0000000090c00000, 0x0000000093880000, 0x00000000daf00000)
  object space 45568K, 22% used [0x0000000090c00000,0x00000000915e53e8,0x0000000093880000)
 Metaspace       used 23754K, capacity 25156K, committed 25344K, reserved 1071104K
  class space    used 3242K, capacity 3519K, committed 3584K, reserved 1048576K
}
Event: 30.987 GC heap before
{Heap before GC invocations=8 (full 1):
 PSYoungGen      total 104960K, used 104960K [0x00000000daf00000, 0x00000000e2c00000, 0x0000000100000000)
  eden space 98304K, 100% used [0x00000000daf00000,0x00000000e0f00000,0x00000000e0f00000)
  from space 6656K, 100% used [0x00000000e2580000,0x00000000e2c00000,0x00000000e2c00000)
  to   space 9728K, 0% used [0x00000000e1900000,0x00000000e1900000,0x00000000e2280000)
 ParOldGen       total 45568K, used 10132K [0x0000000090c00000, 0x0000000093880000, 0x00000000daf00000)
  object space 45568K, 22% used [0x0000000090c00000,0x00000000915e53e8,0x0000000093880000)
 Metaspace       used 26714K, capacity 28412K, committed 28416K, reserved 1073152K
  class space    used 3515K, capacity 3839K, committed 3840K, reserved 1048576K
Event: 31.101 GC heap after
Heap after GC invocations=8 (full 1):
 PSYoungGen      total 108032K, used 9712K [0x00000000daf00000, 0x00000000e2c00000, 0x0000000100000000)
  eden space 98304K, 0% used [0x00000000daf00000,0x00000000daf00000,0x00000000e0f00000)
  from space 9728K, 99% used [0x00000000e1900000,0x00000000e227c050,0x00000000e2280000)
  to   space 6656K, 0% used [0x00000000e2580000,0x00000000e2580000,0x00000000e2c00000)
 ParOldGen       total 45568K, used 31937K [0x0000000090c00000, 0x0000000093880000, 0x00000000daf00000)
  object space 45568K, 70% used [0x0000000090c00000,0x0000000092b305c8,0x0000000093880000)
 Metaspace       used 26714K, capacity 28412K, committed 28416K, reserved 1073152K
  class space    used 3515K, capacity 3839K, committed 3840K, reserved 1048576K
}

Deoptimization events (10 events):
Event: 31.109 Thread 0x000000001a3fa800 Uncommon trap: reason=unstable_if action=reinterpret pc=0x000000000383a4cc method=com.sun.javafx.binding.ExpressionHelperBase.trim(I[Ljava/lang/Object;)I @ 27
Event: 31.166 Thread 0x000000001a3fa800 Uncommon trap: reason=unstable_if action=reinterpret pc=0x00000000038784b4 method=javafx.collections.WeakListChangeListener.wasGarbageCollected()Z @ 7
Event: 31.168 Thread 0x000000001a3fa800 Uncommon trap: reason=unstable_if action=reinterpret pc=0x00000000038460b4 method=javafx.beans.WeakInvalidationListener.wasGarbageCollected()Z @ 7
Event: 31.274 Thread 0x000000001a3fa800 Uncommon trap: reason=unstable_if action=reinterpret pc=0x0000000003befef4 method=com.sun.javafx.css.StyleCache$Key.equals(Ljava/lang/Object;)Z @ 119
Event: 31.482 Thread 0x000000001a3fa800 Uncommon trap: reason=class_check action=maybe_recompile pc=0x00000000030e096c method=java.util.regex.Pattern$Slice.match(Ljava/util/regex/Matcher;ILjava/lang/CharSequence;)Z @ 75
Event: 31.485 Thread 0x000000001a3fa800 Uncommon trap: reason=class_check action=maybe_recompile pc=0x00000000030e096c method=java.util.regex.Pattern$Slice.match(Ljava/util/regex/Matcher;ILjava/lang/CharSequence;)Z @ 75
Event: 31.486 Thread 0x000000001a3fa800 Uncommon trap: reason=class_check action=maybe_recompile pc=0x00000000030e096c method=java.util.regex.Pattern$Slice.match(Ljava/util/regex/Matcher;ILjava/lang/CharSequence;)Z @ 75
Event: 31.488 Thread 0x000000001a3fa800 Uncommon trap: reason=class_check action=maybe_recompile pc=0x00000000030e096c method=java.util.regex.Pattern$Slice.match(Ljava/util/regex/Matcher;ILjava/lang/CharSequence;)Z @ 75
Event: 31.490 Thread 0x000000001a3fa800 Uncommon trap: reason=class_check action=maybe_recompile pc=0x00000000030dbffc method=java.util.regex.Pattern$Slice.match(Ljava/util/regex/Matcher;ILjava/lang/CharSequence;)Z @ 75
Event: 31.658 Thread 0x000000001a3fa800 Uncommon trap: reason=unstable_if action=reinterpret pc=0x0000000003874cf8 method=java.util.HashMap.removeNode(ILjava/lang/Object;Ljava/lang/Object;ZZ)Ljava/util/HashMap$Node; @ 121

Internal exceptions (10 events):
Event: 30.495 Thread 0x000000001a3fa800 Exception <a 'java/lang/ClassCastException': ui.Economico.ControlPresupuestario.Tables.LineaCoste cannot be cast to java.util.HashMap> (0x00000000e021dbe0) thrown at [C:\re\workspace\8-2-build-windows-amd64-cygwin\jdk8u151\9699\hotspot\src\share\vm\interp
Event: 30.499 Thread 0x000000001a3fa800 Exception <a 'java/lang/ClassCastException': ui.Economico.ControlPresupuestario.Tables.LineaCosteDesglosado cannot be cast to java.util.HashMap> (0x00000000e022fad8) thrown at [C:\re\workspace\8-2-build-windows-amd64-cygwin\jdk8u151\9699\hotspot\src\share
Event: 30.499 Thread 0x000000001a3fa800 Exception <a 'java/lang/ClassCastException': ui.Economico.ControlPresupuestario.Tables.LineaCosteDesglosado cannot be cast to java.util.HashMap> (0x00000000e0230290) thrown at [C:\re\workspace\8-2-build-windows-amd64-cygwin\jdk8u151\9699\hotspot\src\share
Event: 30.551 Thread 0x000000001a3fa800 Exception <a 'java/lang/ClassCastException': ui.Economico.ControlPresupuestario.Tables.LineaCosteSumario cannot be cast to java.util.HashMap> (0x00000000e0254a50) thrown at [C:\re\workspace\8-2-build-windows-amd64-cygwin\jdk8u151\9699\hotspot\src\share\vm
Event: 30.602 Thread 0x000000001a3fa800 Exception <a 'java/lang/ClassCastException': ui.Economico.ControlPresupuestario.Tables.LineaCosteDesglosadoSumario cannot be cast to java.util.HashMap> (0x00000000e02694e0) thrown at [C:\re\workspace\8-2-build-windows-amd64-cygwin\jdk8u151\9699\hotspot\sr
Event: 30.602 Thread 0x000000001a3fa800 Exception <a 'java/lang/ClassCastException': ui.Economico.ControlPresupuestario.Tables.LineaCosteDesglosadoSumario cannot be cast to java.util.HashMap> (0x00000000e0269ca8) thrown at [C:\re\workspace\8-2-build-windows-amd64-cygwin\jdk8u151\9699\hotspot\sr
Event: 30.604 Thread 0x000000001a3fa800 Exception <a 'java/lang/ClassCastException': ui.Economico.ControlPresupuestario.Tables.LineaCosteSumario cannot be cast to java.util.HashMap> (0x00000000e0270e68) thrown at [C:\re\workspace\8-2-build-windows-amd64-cygwin\jdk8u151\9699\hotspot\src\share\vm
Event: 30.605 Thread 0x000000001a3fa800 Exception <a 'java/lang/ClassCastException': ui.Economico.ControlPresupuestario.Tables.LineaCosteDesglosadoSumario cannot be cast to java.util.HashMap> (0x00000000e0272820) thrown at [C:\re\workspace\8-2-build-windows-amd64-cygwin\jdk8u151\9699\hotspot\sr
Event: 30.605 Thread 0x000000001a3fa800 Exception <a 'java/lang/ClassCastException': ui.Economico.ControlPresupuestario.Tables.LineaCosteDesglosadoSumario cannot be cast to java.util.HashMap> (0x00000000e0272fe8) thrown at [C:\re\workspace\8-2-build-windows-amd64-cygwin\jdk8u151\9699\hotspot\sr
Event: 30.612 Thread 0x000000001a3fa800 Implicit null exception at 0x0000000002accc80 to 0x0000000002accce1

Events (10 events):
Event: 31.488 Thread 0x000000001a3fa800 DEOPT PACKING pc=0x00000000030e096c sp=0x000000001b3ea160
Event: 31.488 Thread 0x000000001a3fa800 DEOPT UNPACKING pc=0x000000000293582a sp=0x000000001b3ea058 mode 2
Event: 31.490 Thread 0x000000001a3fa800 Uncommon trap: trap_request=0xffffffde fr.pc=0x00000000030dbffc
Event: 31.490 Thread 0x000000001a3fa800 DEOPT PACKING pc=0x00000000030dbffc sp=0x000000001b3ea0b0
Event: 31.490 Thread 0x000000001a3fa800 DEOPT UNPACKING pc=0x000000000293582a sp=0x000000001b3ea038 mode 2
Event: 31.658 Thread 0x000000001a3fa800 Uncommon trap: trap_request=0xffffff65 fr.pc=0x0000000003874cf8
Event: 31.658 Thread 0x000000001a3fa800 DEOPT PACKING pc=0x0000000003874cf8 sp=0x000000001b3eaa70
Event: 31.658 Thread 0x000000001a3fa800 DEOPT UNPACKING pc=0x000000000293582a sp=0x000000001b3ea978 mode 2
Event: 31.716 loading class javafx/scene/layout/FlowPane$LayoutRect
Event: 31.716 loading class javafx/scene/layout/FlowPane$LayoutRect done


Dynamic libraries:
0x00007ff60a640000 - 0x00007ff60a677000 	C:\Program Files\Java\jre1.8.0_151\bin\javaw.exe
0x00007ffbfc910000 - 0x00007ffbfcaf1000 	C:\WINDOWS\SYSTEM32\ntdll.dll
0x00007ffbfb280000 - 0x00007ffbfb332000 	C:\WINDOWS\System32\KERNEL32.DLL
0x00007ffbf8ce0000 - 0x00007ffbf8f53000 	C:\WINDOWS\System32\KERNELBASE.dll
0x00007ffbfbd60000 - 0x00007ffbfbe01000 	C:\WINDOWS\System32\ADVAPI32.dll
0x00007ffbfba10000 - 0x00007ffbfbaae000 	C:\WINDOWS\System32\msvcrt.dll
0x00007ffbfb340000 - 0x00007ffbfb39b000 	C:\WINDOWS\System32\sechost.dll
0x00007ffbfb8e0000 - 0x00007ffbfba04000 	C:\WINDOWS\System32\RPCRT4.dll
0x00007ffbfbfb0000 - 0x00007ffbfc140000 	C:\WINDOWS\System32\USER32.dll
0x00007ffbf9200000 - 0x00007ffbf9220000 	C:\WINDOWS\System32\win32u.dll
0x00007ffbfb480000 - 0x00007ffbfb4a8000 	C:\WINDOWS\System32\GDI32.dll
0x00007ffbf9060000 - 0x00007ffbf91f2000 	C:\WINDOWS\System32\gdi32full.dll
0x00007ffbf92d0000 - 0x00007ffbf936f000 	C:\WINDOWS\System32\msvcp_win.dll
0x00007ffbf8f60000 - 0x00007ffbf905a000 	C:\WINDOWS\System32\ucrtbase.dll
0x00007ffbee580000 - 0x00007ffbee7e9000 	C:\WINDOWS\WinSxS\amd64_microsoft.windows.common-controls_6595b64144ccf1df_6.0.17134.523_none_fb409dd930672a56\COMCTL32.dll
0x00007ffbfc5b0000 - 0x00007ffbfc8d2000 	C:\WINDOWS\System32\combase.dll
0x00007ffbf9d20000 - 0x00007ffbf9d9a000 	C:\WINDOWS\System32\bcryptPrimitives.dll
0x00007ffbfb4b0000 - 0x00007ffbfb4dd000 	C:\WINDOWS\System32\IMM32.DLL
0x000000006a260000 - 0x000000006a332000 	C:\Program Files\Java\jre1.8.0_151\bin\msvcr100.dll
0x0000000068db0000 - 0x000000006964d000 	C:\Program Files\Java\jre1.8.0_151\bin\server\jvm.dll
0x00007ffbfb680000 - 0x00007ffbfb688000 	C:\WINDOWS\System32\PSAPI.DLL
0x00007ffbe2db0000 - 0x00007ffbe2db9000 	C:\WINDOWS\SYSTEM32\WSOCK32.dll
0x00007ffbfb810000 - 0x00007ffbfb87c000 	C:\WINDOWS\System32\WS2_32.dll
0x00007ffbf5ac0000 - 0x00007ffbf5ae3000 	C:\WINDOWS\SYSTEM32\WINMM.dll
0x00007ffbf3f00000 - 0x00007ffbf3f0a000 	C:\WINDOWS\SYSTEM32\VERSION.dll
0x00007ffbf5a90000 - 0x00007ffbf5aba000 	C:\WINDOWS\SYSTEM32\WINMMBASE.dll
0x00007ffbf9a80000 - 0x00007ffbf9ac9000 	C:\WINDOWS\System32\cfgmgr32.dll
0x0000000068da0000 - 0x0000000068daf000 	C:\Program Files\Java\jre1.8.0_151\bin\verify.dll
0x0000000068d70000 - 0x0000000068d99000 	C:\Program Files\Java\jre1.8.0_151\bin\java.dll
0x000000006a220000 - 0x000000006a255000 	C:\Program Files\Java\jre1.8.0_151\bin\jdwp.dll
0x000000006a210000 - 0x000000006a218000 	C:\Program Files\Java\jre1.8.0_151\bin\npt.dll
0x000000006a1e0000 - 0x000000006a203000 	C:\Program Files\Java\jre1.8.0_151\bin\instrument.dll
0x0000000068d50000 - 0x0000000068d66000 	C:\Program Files\Java\jre1.8.0_151\bin\zip.dll
0x00007ffbf9e40000 - 0x00007ffbfb280000 	C:\WINDOWS\System32\SHELL32.dll
0x00007ffbfb4e0000 - 0x00007ffbfb589000 	C:\WINDOWS\System32\shcore.dll
0x00007ffbf9370000 - 0x00007ffbf9a7d000 	C:\WINDOWS\System32\windows.storage.dll
0x00007ffbfb880000 - 0x00007ffbfb8d1000 	C:\WINDOWS\System32\shlwapi.dll
0x00007ffbf8cc0000 - 0x00007ffbf8cd1000 	C:\WINDOWS\System32\kernel.appcore.dll
0x00007ffbf8c20000 - 0x00007ffbf8c3f000 	C:\WINDOWS\System32\profapi.dll
0x00007ffbf8c40000 - 0x00007ffbf8c8c000 	C:\WINDOWS\System32\powrprof.dll
0x00007ffbf8c90000 - 0x00007ffbf8c9a000 	C:\WINDOWS\System32\FLTLIB.DLL
0x000000006a1d0000 - 0x000000006a1d9000 	C:\Program Files\Java\jre1.8.0_151\bin\dt_socket.dll
0x00007ffbee800000 - 0x00007ffbee816000 	C:\WINDOWS\system32\napinsp.dll
0x00007ffbedf90000 - 0x00007ffbedfaa000 	C:\WINDOWS\system32\pnrpnsp.dll
0x00007ffbf20d0000 - 0x00007ffbf20e9000 	C:\WINDOWS\system32\NLAapi.dll
0x00007ffbf84a0000 - 0x00007ffbf8506000 	C:\WINDOWS\System32\mswsock.dll
0x00007ffbf8260000 - 0x00007ffbf831e000 	C:\WINDOWS\SYSTEM32\DNSAPI.dll
0x00007ffbfc140000 - 0x00007ffbfc148000 	C:\WINDOWS\System32\NSI.dll
0x00007ffbf8220000 - 0x00007ffbf8258000 	C:\WINDOWS\SYSTEM32\IPHLPAPI.DLL
0x00007ffbef8a0000 - 0x00007ffbef8ae000 	C:\WINDOWS\System32\winrnr.dll
0x00007ffbf1710000 - 0x00007ffbf1725000 	C:\WINDOWS\System32\wshbth.dll
0x00007ffbeaf40000 - 0x00007ffbeafb2000 	C:\WINDOWS\System32\fwpuclnt.dll
0x00007ffbf8780000 - 0x00007ffbf87a5000 	C:\WINDOWS\SYSTEM32\bcrypt.dll
0x00007ffbeaa30000 - 0x00007ffbeaa3a000 	C:\Windows\System32\rasadhlp.dll
0x0000000000b40000 - 0x0000000000b43000 	C:\Program Files\Java\jre1.8.0_151\bin\api-ms-win-core-console-l1-1-0.dll
0x0000000002430000 - 0x0000000002433000 	C:\Program Files\Java\jre1.8.0_151\bin\api-ms-win-core-datetime-l1-1-0.dll
0x0000000002440000 - 0x0000000002443000 	C:\Program Files\Java\jre1.8.0_151\bin\api-ms-win-core-debug-l1-1-0.dll
0x0000000002450000 - 0x0000000002453000 	C:\Program Files\Java\jre1.8.0_151\bin\api-ms-win-core-errorhandling-l1-1-0.dll
0x0000000002460000 - 0x0000000002464000 	C:\Program Files\Java\jre1.8.0_151\bin\api-ms-win-core-file-l1-1-0.dll
0x0000000002470000 - 0x0000000002473000 	C:\Program Files\Java\jre1.8.0_151\bin\api-ms-win-core-file-l1-2-0.dll
0x0000000002480000 - 0x0000000002483000 	C:\Program Files\Java\jre1.8.0_151\bin\api-ms-win-core-file-l2-1-0.dll
0x0000000002490000 - 0x0000000002493000 	C:\Program Files\Java\jre1.8.0_151\bin\api-ms-win-core-handle-l1-1-0.dll
0x00000000024b0000 - 0x00000000024b3000 	C:\Program Files\Java\jre1.8.0_151\bin\api-ms-win-core-heap-l1-1-0.dll
0x00000000024c0000 - 0x00000000024c3000 	C:\Program Files\Java\jre1.8.0_151\bin\api-ms-win-core-interlocked-l1-1-0.dll
0x00000000024d0000 - 0x00000000024d3000 	C:\Program Files\Java\jre1.8.0_151\bin\api-ms-win-core-libraryloader-l1-1-0.dll
0x00000000025f0000 - 0x00000000025f3000 	C:\Program Files\Java\jre1.8.0_151\bin\api-ms-win-core-localization-l1-2-0.dll
0x0000000002600000 - 0x0000000002603000 	C:\Program Files\Java\jre1.8.0_151\bin\api-ms-win-core-memory-l1-1-0.dll
0x0000000002610000 - 0x0000000002613000 	C:\Program Files\Java\jre1.8.0_151\bin\api-ms-win-core-namedpipe-l1-1-0.dll
0x0000000002620000 - 0x0000000002623000 	C:\Program Files\Java\jre1.8.0_151\bin\api-ms-win-core-processenvironment-l1-1-0.dll
0x0000000002630000 - 0x0000000002633000 	C:\Program Files\Java\jre1.8.0_151\bin\api-ms-win-core-processthreads-l1-1-0.dll
0x0000000002640000 - 0x0000000002643000 	C:\Program Files\Java\jre1.8.0_151\bin\api-ms-win-core-processthreads-l1-1-1.dll
0x0000000002650000 - 0x0000000002653000 	C:\Program Files\Java\jre1.8.0_151\bin\api-ms-win-core-profile-l1-1-0.dll
0x0000000002660000 - 0x0000000002663000 	C:\Program Files\Java\jre1.8.0_151\bin\api-ms-win-core-rtlsupport-l1-1-0.dll
0x0000000002670000 - 0x0000000002673000 	C:\Program Files\Java\jre1.8.0_151\bin\api-ms-win-core-string-l1-1-0.dll
0x0000000002680000 - 0x0000000002683000 	C:\Program Files\Java\jre1.8.0_151\bin\api-ms-win-core-synch-l1-1-0.dll
0x0000000002690000 - 0x0000000002693000 	C:\Program Files\Java\jre1.8.0_151\bin\api-ms-win-core-synch-l1-2-0.dll
0x00000000026a0000 - 0x00000000026a3000 	C:\Program Files\Java\jre1.8.0_151\bin\api-ms-win-core-sysinfo-l1-1-0.dll
0x00000000026b0000 - 0x00000000026b3000 	C:\Program Files\Java\jre1.8.0_151\bin\api-ms-win-core-timezone-l1-1-0.dll
0x00000000026c0000 - 0x00000000026c3000 	C:\Program Files\Java\jre1.8.0_151\bin\api-ms-win-core-util-l1-1-0.dll
0x00000000026d0000 - 0x00000000026d3000 	C:\Program Files\Java\jre1.8.0_151\bin\api-ms-win-crt-conio-l1-1-0.dll
0x0000000019a60000 - 0x0000000019a64000 	C:\Program Files\Java\jre1.8.0_151\bin\api-ms-win-crt-convert-l1-1-0.dll
0x0000000019a70000 - 0x0000000019a73000 	C:\Program Files\Java\jre1.8.0_151\bin\api-ms-win-crt-environment-l1-1-0.dll
0x0000000019a80000 - 0x0000000019a83000 	C:\Program Files\Java\jre1.8.0_151\bin\api-ms-win-crt-filesystem-l1-1-0.dll
0x0000000019a90000 - 0x0000000019a93000 	C:\Program Files\Java\jre1.8.0_151\bin\api-ms-win-crt-heap-l1-1-0.dll
0x0000000019aa0000 - 0x0000000019aa3000 	C:\Program Files\Java\jre1.8.0_151\bin\api-ms-win-crt-locale-l1-1-0.dll
0x0000000019ab0000 - 0x0000000019ab5000 	C:\Program Files\Java\jre1.8.0_151\bin\api-ms-win-crt-math-l1-1-0.dll
0x0000000019ac0000 - 0x0000000019ac5000 	C:\Program Files\Java\jre1.8.0_151\bin\api-ms-win-crt-multibyte-l1-1-0.dll
0x0000000019ad0000 - 0x0000000019ae0000 	C:\Program Files\Java\jre1.8.0_151\bin\api-ms-win-crt-private-l1-1-0.dll
0x0000000019ae0000 - 0x0000000019ae3000 	C:\Program Files\Java\jre1.8.0_151\bin\api-ms-win-crt-process-l1-1-0.dll
0x0000000019af0000 - 0x0000000019af4000 	C:\Program Files\Java\jre1.8.0_151\bin\api-ms-win-crt-runtime-l1-1-0.dll
0x0000000019b00000 - 0x0000000019b04000 	C:\Program Files\Java\jre1.8.0_151\bin\api-ms-win-crt-stdio-l1-1-0.dll
0x0000000019b10000 - 0x0000000019b14000 	C:\Program Files\Java\jre1.8.0_151\bin\api-ms-win-crt-string-l1-1-0.dll
0x0000000019b20000 - 0x0000000019b23000 	C:\Program Files\Java\jre1.8.0_151\bin\api-ms-win-crt-time-l1-1-0.dll
0x0000000019b30000 - 0x0000000019b33000 	C:\Program Files\Java\jre1.8.0_151\bin\api-ms-win-crt-utility-l1-1-0.dll
0x00007ffbeac70000 - 0x00007ffbead66000 	C:\Program Files\Java\jre1.8.0_151\bin\ucrtbase.dll
0x00007ffbead90000 - 0x00007ffbeade1000 	C:\Program Files\Java\jre1.8.0_151\bin\concrt140.dll
0x00007ffbe3e90000 - 0x00007ffbe3f2c000 	C:\Program Files\Java\jre1.8.0_151\bin\MSVCP140.dll
0x00007ffbf27d0000 - 0x00007ffbf27e6000 	C:\Program Files\Java\jre1.8.0_151\bin\VCRUNTIME140.dll
0x000000006a1a0000 - 0x000000006a1c3000 	C:\Program Files\Java\jre1.8.0_151\bin\prism_d3d.dll
0x00007ffbb77f0000 - 0x00007ffbb7987000 	C:\WINDOWS\system32\d3d9.dll
0x00007ffbf73b0000 - 0x00007ffbf73d9000 	C:\WINDOWS\SYSTEM32\dwmapi.dll
0x00007ffbf7120000 - 0x00007ffbf71b8000 	C:\WINDOWS\system32\uxtheme.dll
0x00007ffbf3f10000 - 0x00007ffbf4074000 	C:\WINDOWS\SYSTEM32\aticfx64.dll
0x00007ffbf2460000 - 0x00007ffbf2481000 	C:\WINDOWS\SYSTEM32\atiu9p64.dll
0x00007ffbae460000 - 0x00007ffbaecb9000 	C:\WINDOWS\SYSTEM32\atiumd64.dll
0x0000000069800000 - 0x000000006a088000 	C:\WINDOWS\SYSTEM32\atiumd6a.dll
0x0000000068c80000 - 0x0000000068cc9000 	C:\Program Files\Java\jre1.8.0_151\bin\glass.dll
0x00007ffbfbc70000 - 0x00007ffbfbd5d000 	C:\WINDOWS\System32\COMDLG32.dll
0x00007ffbfbb10000 - 0x00007ffbfbc61000 	C:\WINDOWS\System32\ole32.dll
0x00007ffbfb5b0000 - 0x00007ffbfb672000 	C:\WINDOWS\System32\OLEAUT32.dll
0x00007ffbfb690000 - 0x00007ffbfb803000 	C:\WINDOWS\System32\MSCTF.dll
0x00007ffbe2b90000 - 0x00007ffbe2bd8000 	C:\Program Files (x86)\TeamViewer\tv_x64.dll
0x00007ffbf8650000 - 0x00007ffbf8667000 	C:\WINDOWS\SYSTEM32\CRYPTSP.dll
0x00007ffbf8080000 - 0x00007ffbf80b3000 	C:\WINDOWS\system32\rsaenh.dll
0x00007ffbf8b20000 - 0x00007ffbf8b48000 	C:\WINDOWS\SYSTEM32\USERENV.dll
0x00007ffbf8670000 - 0x00007ffbf867b000 	C:\WINDOWS\SYSTEM32\CRYPTBASE.dll
0x0000000068d30000 - 0x0000000068d4a000 	C:\Program Files\Java\jre1.8.0_151\bin\net.dll
0x00007ffbf0d20000 - 0x00007ffbf0d36000 	C:\WINDOWS\SYSTEM32\dhcpcsvc6.DLL
0x00007ffbf1430000 - 0x00007ffbf144a000 	C:\WINDOWS\SYSTEM32\dhcpcsvc.DLL
0x0000000068d10000 - 0x0000000068d21000 	C:\Program Files\Java\jre1.8.0_151\bin\nio.dll
0x0000000061680000 - 0x000000006176d000 	C:\Users\Oscar\AppData\Local\Temp\sqlite-3.14.2.1-dabcc00a-250b-4c88-9541-c672417fc16e-sqlitejdbc.dll
0x0000000068c60000 - 0x0000000068c74000 	C:\Program Files\Java\jre1.8.0_151\bin\javafx_font.dll
0x00007ffbeb900000 - 0x00007ffbebc1c000 	C:\WINDOWS\SYSTEM32\dwrite.dll
0x00007ffbf9da0000 - 0x00007ffbf9e40000 	C:\WINDOWS\System32\clbcatq.dll
0x00007ffbf49e0000 - 0x00007ffbf4b8e000 	C:\WINDOWS\SYSTEM32\WindowsCodecs.dll
0x00007ffbdfe00000 - 0x00007ffbdfe58000 	C:\WINDOWS\system32\dataexchange.dll
0x00007ffbf5fe0000 - 0x00007ffbf62eb000 	C:\WINDOWS\system32\d3d11.dll
0x00007ffbf68c0000 - 0x00007ffbf6a5c000 	C:\WINDOWS\system32\dcomp.dll

VM Arguments:
jvm_args: -agentlib:jdwp=transport=dt_socket,suspend=y,address=localhost:50453 -javaagent:C:\Users\Oscar\eclipse\java-2018-09\eclipse\configuration\org.eclipse.osgi\237\0\.cp\lib\javaagent-shaded.jar -Dfile.encoding=Cp1252 
java_command: application.Main
java_class_path (initial): C:\Users\Oscar\workspace\Gestion Proyectos ENAGAS\bin;C:\Users\Oscar\.p2\pool\plugins\org.eclipse.fx.ide.css.jfx8_3.4.1.201810030906.jar;C:\Users\Oscar\workspace\Gestion Proyectos ENAGAS\lib\controlsfx-8.40.14.jar;C:\Users\Oscar\workspace\Gestion Proyectos ENAGAS\lib\jdom-2.0.6-contrib.jar;C:\Users\Oscar\workspace\Gestion Proyectos ENAGAS\lib\jdom-2.0.6-javadoc.jar;C:\Users\Oscar\workspace\Gestion Proyectos ENAGAS\lib\jdom-2.0.6-junit.jar;C:\Users\Oscar\workspace\Gestion Proyectos ENAGAS\lib\jdom-2.0.6-sources.jar;C:\Users\Oscar\workspace\Gestion Proyectos ENAGAS\lib\jdom-2.0.6.jar;C:\Users\Oscar\workspace\Gestion Proyectos ENAGAS\lib\xml-apis.jar;C:\Users\Oscar\workspace\Gestion Proyectos ENAGAS\lib\serializer-2.7.2.jar;C:\Users\Oscar\workspace\Gestion Proyectos ENAGAS\lib\xercesImpl.jar;C:\Users\Oscar\workspace\Gestion Proyectos ENAGAS\lib\xalan-2.7.2.jar;C:\Users\Oscar\workspace\Gestion Proyectos ENAGAS\lib\xmlbeans-2.6.0.jar;C:\Users\Oscar\workspace\Gestion Proyectos ENAGAS\lib\sqlite-jdbc-3.14.2.1.jar;C:\Users\Oscar\eclipse\java-2018-09\eclipse\configuration\org.eclipse.osgi\237\0\.cp\lib\javaagent-shaded.jar
Launcher Type: SUN_STANDARD

Environment Variables:
PATH=C:/Program Files/Java/jre1.8.0_151/bin/server;C:/Program Files/Java/jre1.8.0_151/bin;C:/Program Files/Java/jre1.8.0_151/lib/amd64;C:\ProgramData\Oracle\Java\javapath;C:\Program Files\Broadcom\Broadcom 802.11 Network Adapter;;C:\WINDOWS\system32;C:\WINDOWS;C:\WINDOWS\System32\Wbem;C:\WINDOWS\System32\WindowsPowerShell\v1.0\;c:\Program Files (x86)\ATI Technologies\ATI.ACE\Core-Static;C:\Program Files (x86)\Calibre2\;C:\WINDOWS\System32\OpenSSH\;C:\Users\Oscar\AppData\Local\Microsoft\WindowsApps;;C:\Users\Oscar\Desktop;
USERNAME=Oscar
OS=Windows_NT
PROCESSOR_IDENTIFIER=AMD64 Family 22 Model 48 Stepping 1, AuthenticAMD



---------------  S Y S T E M  ---------------

OS: Windows 10.0 , 64 bit Build 17134 (10.0.17134.1)

CPU:total 4 (initial active 4) (4 cores per cpu, 1 threads per core) family 22 model 48 stepping 1, cmov, cx8, fxsr, mmx, sse, sse2, sse3, ssse3, sse4.1, sse4.2, popcnt, avx, aes, clmul, mmxext, 3dnowpref, lzcnt, sse4a, tsc, tscinvbit, tscinv, bmi1

Memory: 4k page, physical 7283720k(1834756k free), swap 9111560k(10068k free)

vm_info: Java HotSpot(TM) 64-Bit Server VM (25.151-b12) for windows-amd64 JRE (1.8.0_151-b12), built on Sep  5 2017 19:33:46 by "java_re" with MS VC++ 10.0 (VS2010)

time: Sun Feb 03 13:07:38 2019
elapsed time: 32 seconds (0d 0h 0m 32s)

