#
# There is insufficient memory for the Java Runtime Environment to continue.
# Native memory allocation (malloc) failed to allocate 32744 bytes for ChunkPool::allocate
# Possible reasons:
#   The system is out of physical RAM or swap space
#   In 32 bit mode, the process size limit was hit
# Possible solutions:
#   Reduce memory load on the system
#   Increase physical memory or swap space
#   Check if swap backing store is full
#   Use 64 bit Java on a 64 bit OS
#   Decrease Java heap size (-Xmx/-Xms)
#   Decrease number of Java threads
#   Decrease Java thread stack sizes (-Xss)
#   Set larger code cache with -XX:ReservedCodeCacheSize=
# This output file may be truncated or incomplete.
#
#  Out of Memory Error (allocation.cpp:273), pid=14224, tid=0x0000000000001058
#
# JRE version: Java(TM) SE Runtime Environment (8.0_151-b12) (build 1.8.0_151-b12)
# Java VM: Java HotSpot(TM) 64-Bit Server VM (25.151-b12 mixed mode windows-amd64 compressed oops)
# Failed to write core dump. Minidumps are not enabled by default on client versions of Windows
#

---------------  T H R E A D  ---------------

Current thread (0x00000000197b8800):  JavaThread "C2 CompilerThread1" daemon [_thread_in_native, id=4184, stack(0x0000000019a00000,0x0000000019b00000)]

Stack: [0x0000000019a00000,0x0000000019b00000]
[error occurred during error reporting (printing stack bounds), id 0xc0000005]

Native frames: (J=compiled Java code, j=interpreted, Vv=VM code, C=native code)


Current CompileTask:
C2:  22687 1739       4       org.eclipse.jdt.launching.internal.org.objectweb.asm.ClassReader::readCode (5071 bytes)


---------------  P R O C E S S  ---------------

Java Threads: ( => current thread )
  0x000000001b5ba000 JavaThread "JavaFX-Launcher" [_thread_blocked, id=7004, stack(0x0000000022490000,0x0000000022590000)]
  0x000000001b5b8000 JavaThread "Thread-2" daemon [_thread_blocked, id=13632, stack(0x00000000213c0000,0x00000000214c0000)]
  0x000000001abf0000 JavaThread "JavaFX Application Thread" [_thread_blocked, id=3880, stack(0x000000001c0a0000,0x000000001c1a0000)]
  0x000000001ac82000 JavaThread "Thread-1" daemon [_thread_blocked, id=588, stack(0x000000001bfa0000,0x000000001c0a0000)]
  0x000000001a837800 JavaThread "QuantumRenderer-0" daemon [_thread_blocked, id=3264, stack(0x000000001b820000,0x000000001b920000)]
  0x0000000019776000 JavaThread "Service Thread" daemon [_thread_blocked, id=2788, stack(0x0000000019c00000,0x0000000019d00000)]
  0x00000000197bb800 JavaThread "C1 CompilerThread2" daemon [_thread_blocked, id=1772, stack(0x0000000019b00000,0x0000000019c00000)]
=>0x00000000197b8800 JavaThread "C2 CompilerThread1" daemon [_thread_in_native, id=4184, stack(0x0000000019a00000,0x0000000019b00000)]
  0x0000000019613800 JavaThread "C2 CompilerThread0" daemon [_thread_in_native, id=260, stack(0x0000000019900000,0x0000000019a00000)]
  0x000000001784a800 JavaThread "JDWP Command Reader" daemon [_thread_in_native, id=1416, stack(0x0000000019400000,0x0000000019500000)]
  0x0000000017849000 JavaThread "JDWP Event Helper Thread" daemon [_thread_blocked, id=6232, stack(0x0000000019300000,0x0000000019400000)]
  0x0000000017838800 JavaThread "JDWP Transport Listener: dt_socket" daemon [_thread_blocked, id=2256, stack(0x0000000019200000,0x0000000019300000)]
  0x0000000017830800 JavaThread "Attach Listener" daemon [_thread_blocked, id=12820, stack(0x0000000018dc0000,0x0000000018ec0000)]
  0x000000001782e800 JavaThread "Signal Dispatcher" daemon [_thread_blocked, id=11880, stack(0x0000000018cc0000,0x0000000018dc0000)]
  0x000000001781a800 JavaThread "Finalizer" daemon [_thread_blocked, id=10136, stack(0x0000000018aa0000,0x0000000018ba0000)]
  0x00000000035c1000 JavaThread "Reference Handler" daemon [_thread_blocked, id=14056, stack(0x00000000189a0000,0x0000000018aa0000)]
  0x00000000034d2800 JavaThread "main" [_thread_blocked, id=7080, stack(0x0000000003200000,0x0000000003300000)]

Other Threads:
  0x00000000177f7800 VMThread [stack: 0x00000000188a0000,0x00000000189a0000] [id=4132]
  0x0000000019776800 WatcherThread [stack: 0x0000000019e60000,0x0000000019f60000] [id=2776]

VM state:at safepoint (normal execution)

VM Mutex/Monitor currently owned by a thread:  ([mutex/lock_event])
[0x00000000033bd560] Threads_lock - owner thread: 0x00000000177f7800
[0x00000000034d0ad0] Heap_lock - owner thread: 0x000000001abf0000

Heap:
 PSYoungGen      total 320512K, used 232960K [0x00000000daf00000, 0x00000000f6480000, 0x0000000100000000)
  eden space 232960K, 100% used [0x00000000daf00000,0x00000000e9280000,0x00000000e9280000)
  from space 87552K, 0% used [0x00000000ef580000,0x00000000ef580000,0x00000000f4b00000)
  to   space 101376K, 0% used [0x00000000e9280000,0x00000000e9280000,0x00000000ef580000)
 ParOldGen       total 1215488K, used 1214448K [0x0000000090c00000, 0x00000000daf00000, 0x00000000daf00000)
  object space 1215488K, 99% used [0x0000000090c00000,0x00000000dadfc268,0x00000000daf00000)
 Metaspace       used 18209K, capacity 18774K, committed 18944K, reserved 1064960K
  class space    used 2357K, capacity 2543K, committed 2560K, reserved 1048576K

Card table byte_map: [0x0000000012990000,0x0000000012d10000] byte_map_base: 0x000000001250a000

Marking Bits: (ParMarkBitMap*) 0x00000000521ed850
 Begin Bits: [0x0000000013370000, 0x0000000014f40000)
 End Bits:   [0x0000000014f40000, 0x0000000016b10000)

Polling page: 0x00000000013d0000

CodeCache: size=245760Kb used=8531Kb max_used=8531Kb free=237228Kb
 bounds [0x00000000035d0000, 0x0000000003e30000, 0x00000000125d0000]
 total_blobs=2453 nmethods=1809 adapters=565
 compilation: enabled

Compilation events (10 events):
Event: 22.591 Thread 0x00000000197bb800 nmethod 1854 0x0000000003e1d550 code [0x0000000003e1d760, 0x0000000003e1e228]
Event: 22.591 Thread 0x00000000197bb800 1845       3       java.util.SubList$1::<init> (41 bytes)
Event: 22.591 Thread 0x00000000197bb800 nmethod 1845 0x0000000003e1ef10 code [0x0000000003e1f080, 0x0000000003e1f388]
Event: 22.591 Thread 0x00000000197bb800 1850       2       java.util.concurrent.CopyOnWriteArrayList::iterator (14 bytes)
Event: 22.592 Thread 0x00000000197bb800 nmethod 1850 0x0000000003e1f4d0 code [0x0000000003e1f620, 0x0000000003e1f7f0]
Event: 22.592 Thread 0x00000000197bb800 1851       2       java.util.concurrent.CopyOnWriteArrayList$COWIterator::<init> (7 bytes)
Event: 22.592 Thread 0x00000000197bb800 nmethod 1851 0x0000000003e1f8d0 code [0x0000000003e1fa20, 0x0000000003e1fb90]
Event: 22.592 Thread 0x00000000197bb800 1852       2       java.util.concurrent.CopyOnWriteArrayList$COWIterator::<init> (15 bytes)
Event: 22.592 Thread 0x00000000197bb800 nmethod 1852 0x0000000003e1fc10 code [0x0000000003e1fd60, 0x0000000003e1fed0]
Event: 22.592 Thread 0x00000000197bb800 1856       2       java.util.SubList::<init> (145 bytes)

GC Heap History (10 events):
Event: 11.946 GC heap before
{Heap before GC invocations=22 (full 7):
 PSYoungGen      total 258560K, used 75170K [0x00000000daf00000, 0x00000000f4b00000, 0x0000000100000000)
  eden space 183296K, 0% used [0x00000000daf00000,0x00000000daf00000,0x00000000e6200000)
  from space 75264K, 99% used [0x00000000e6200000,0x00000000eab68a90,0x00000000eab80000)
  to   space 87552K, 0% used [0x00000000ef580000,0x00000000ef580000,0x00000000f4b00000)
 ParOldGen       total 986624K, used 948298K [0x0000000090c00000, 0x00000000ccf80000, 0x00000000daf00000)
  object space 986624K, 96% used [0x0000000090c00000,0x00000000caa12a78,0x00000000ccf80000)
 Metaspace       used 18073K, capacity 18610K, committed 18688K, reserved 1064960K
  class space    used 2332K, capacity 2511K, committed 2560K, reserved 1048576K
Event: 12.175 GC heap after
Heap after GC invocations=22 (full 7):
 PSYoungGen      total 258560K, used 37503K [0x00000000daf00000, 0x00000000f4b00000, 0x0000000100000000)
  eden space 183296K, 0% used [0x00000000daf00000,0x00000000daf00000,0x00000000e6200000)
  from space 75264K, 49% used [0x00000000e6200000,0x00000000e869fec0,0x00000000eab80000)
  to   space 87552K, 0% used [0x00000000ef580000,0x00000000ef580000,0x00000000f4b00000)
 ParOldGen       total 1215488K, used 985818K [0x0000000090c00000, 0x00000000daf00000, 0x00000000daf00000)
  object space 1215488K, 81% used [0x0000000090c00000,0x00000000cceb6b10,0x00000000daf00000)
 Metaspace       used 18073K, capacity 18610K, committed 18688K, reserved 1064960K
  class space    used 2332K, capacity 2511K, committed 2560K, reserved 1048576K
}
Event: 12.361 GC heap before
{Heap before GC invocations=23 (full 7):
 PSYoungGen      total 258560K, used 220423K [0x00000000daf00000, 0x00000000f4b00000, 0x0000000100000000)
  eden space 183296K, 99% used [0x00000000daf00000,0x00000000e61a1dd8,0x00000000e6200000)
  from space 75264K, 49% used [0x00000000e6200000,0x00000000e869fec0,0x00000000eab80000)
  to   space 87552K, 0% used [0x00000000ef580000,0x00000000ef580000,0x00000000f4b00000)
 ParOldGen       total 1215488K, used 985818K [0x0000000090c00000, 0x00000000daf00000, 0x00000000daf00000)
  object space 1215488K, 81% used [0x0000000090c00000,0x00000000cceb6b10,0x00000000daf00000)
 Metaspace       used 18073K, capacity 18610K, committed 18688K, reserved 1064960K
  class space    used 2332K, capacity 2511K, committed 2560K, reserved 1048576K
Event: 12.521 GC heap after
Heap after GC invocations=23 (full 7):
 PSYoungGen      total 320512K, used 86423K [0x00000000daf00000, 0x00000000f6480000, 0x0000000100000000)
  eden space 232960K, 0% used [0x00000000daf00000,0x00000000daf00000,0x00000000e9280000)
  from space 87552K, 98% used [0x00000000ef580000,0x00000000f49e5f50,0x00000000f4b00000)
  to   space 101376K, 0% used [0x00000000e9280000,0x00000000e9280000,0x00000000ef580000)
 ParOldGen       total 1215488K, used 1111444K [0x0000000090c00000, 0x00000000daf00000, 0x00000000daf00000)
  object space 1215488K, 91% used [0x0000000090c00000,0x00000000d4965340,0x00000000daf00000)
 Metaspace       used 18073K, capacity 18610K, committed 18688K, reserved 1064960K
  class space    used 2332K, capacity 2511K, committed 2560K, reserved 1048576K
}
Event: 12.521 GC heap before
{Heap before GC invocations=24 (full 8):
 PSYoungGen      total 320512K, used 86423K [0x00000000daf00000, 0x00000000f6480000, 0x0000000100000000)
  eden space 232960K, 0% used [0x00000000daf00000,0x00000000daf00000,0x00000000e9280000)
  from space 87552K, 98% used [0x00000000ef580000,0x00000000f49e5f50,0x00000000f4b00000)
  to   space 101376K, 0% used [0x00000000e9280000,0x00000000e9280000,0x00000000ef580000)
 ParOldGen       total 1215488K, used 1111444K [0x0000000090c00000, 0x00000000daf00000, 0x00000000daf00000)
  object space 1215488K, 91% used [0x0000000090c00000,0x00000000d4965340,0x00000000daf00000)
 Metaspace       used 18073K, capacity 18610K, committed 18688K, reserved 1064960K
  class space    used 2332K, capacity 2511K, committed 2560K, reserved 1048576K
Event: 12.716 GC heap after
Heap after GC invocations=24 (full 8):
 PSYoungGen      total 320512K, used 0K [0x00000000daf00000, 0x00000000f6480000, 0x0000000100000000)
  eden space 232960K, 0% used [0x00000000daf00000,0x00000000daf00000,0x00000000e9280000)
  from space 87552K, 0% used [0x00000000ef580000,0x00000000ef580000,0x00000000f4b00000)
  to   space 101376K, 0% used [0x00000000e9280000,0x00000000e9280000,0x00000000ef580000)
 ParOldGen       total 1215488K, used 1197722K [0x0000000090c00000, 0x00000000daf00000, 0x00000000daf00000)
  object space 1215488K, 98% used [0x0000000090c00000,0x00000000d9da6ab0,0x00000000daf00000)
 Metaspace       used 18073K, capacity 18610K, committed 18688K, reserved 1064960K
  class space    used 2332K, capacity 2511K, committed 2560K, reserved 1048576K
}
Event: 12.977 GC heap before
{Heap before GC invocations=25 (full 9):
 PSYoungGen      total 320512K, used 232337K [0x00000000daf00000, 0x00000000f6480000, 0x0000000100000000)
  eden space 232960K, 99% used [0x00000000daf00000,0x00000000e91e4630,0x00000000e9280000)
  from space 87552K, 0% used [0x00000000ef580000,0x00000000ef580000,0x00000000f4b00000)
  to   space 101376K, 0% used [0x00000000e9280000,0x00000000e9280000,0x00000000ef580000)
 ParOldGen       total 1215488K, used 1197722K [0x0000000090c00000, 0x00000000daf00000, 0x00000000daf00000)
  object space 1215488K, 98% used [0x0000000090c00000,0x00000000d9da6ab0,0x00000000daf00000)
 Metaspace       used 18073K, capacity 18610K, committed 18688K, reserved 1064960K
  class space    used 2332K, capacity 2511K, committed 2560K, reserved 1048576K
Event: 13.396 GC heap after
Heap after GC invocations=25 (full 9):
 PSYoungGen      total 320512K, used 204437K [0x00000000daf00000, 0x00000000f6480000, 0x0000000100000000)
  eden space 232960K, 87% used [0x00000000daf00000,0x00000000e76a56e8,0x00000000e9280000)
  from space 87552K, 0% used [0x00000000ef580000,0x00000000ef580000,0x00000000f4b00000)
  to   space 101376K, 0% used [0x00000000e9280000,0x00000000e9280000,0x00000000ef580000)
 ParOldGen       total 1215488K, used 1214552K [0x0000000090c00000, 0x00000000daf00000, 0x00000000daf00000)
  object space 1215488K, 99% used [0x0000000090c00000,0x00000000dae160d0,0x00000000daf00000)
 Metaspace       used 18073K, capacity 18610K, committed 18688K, reserved 1064960K
  class space    used 2332K, capacity 2511K, committed 2560K, reserved 1048576K
}
Event: 21.949 GC heap before
{Heap before GC invocations=26 (full 10):
 PSYoungGen      total 320512K, used 232960K [0x00000000daf00000, 0x00000000f6480000, 0x0000000100000000)
  eden space 232960K, 100% used [0x00000000daf00000,0x00000000e9280000,0x00000000e9280000)
  from space 87552K, 0% used [0x00000000ef580000,0x00000000ef580000,0x00000000f4b00000)
  to   space 101376K, 0% used [0x00000000e9280000,0x00000000e9280000,0x00000000ef580000)
 ParOldGen       total 1215488K, used 1214552K [0x0000000090c00000, 0x00000000daf00000, 0x00000000daf00000)
  object space 1215488K, 99% used [0x0000000090c00000,0x00000000dae160d0,0x00000000daf00000)
 Metaspace       used 18165K, capacity 18710K, committed 18944K, reserved 1064960K
  class space    used 2357K, capacity 2543K, committed 2560K, reserved 1048576K
Event: 22.521 GC heap after
Heap after GC invocations=26 (full 10):
 PSYoungGen      total 320512K, used 228848K [0x00000000daf00000, 0x00000000f6480000, 0x0000000100000000)
  eden space 232960K, 98% used [0x00000000daf00000,0x00000000e8e7c338,0x00000000e9280000)
  from space 87552K, 0% used [0x00000000ef580000,0x00000000ef580000,0x00000000f4b00000)
  to   space 101376K, 0% used [0x00000000e9280000,0x00000000e9280000,0x00000000ef580000)
 ParOldGen       total 1215488K, used 1214448K [0x0000000090c00000, 0x00000000daf00000, 0x00000000daf00000)
  object space 1215488K, 99% used [0x0000000090c00000,0x00000000dadfc268,0x00000000daf00000)
 Metaspace       used 18165K, capacity 18710K, committed 18944K, reserved 1064960K
  class space    used 2357K, capacity 2543K, committed 2560K, reserved 1048576K
}

Deoptimization events (10 events):
Event: 7.123 Thread 0x000000001abf0000 Uncommon trap: reason=class_check action=maybe_recompile pc=0x0000000003b5c0b0 method=java.util.regex.Pattern$BmpCharProperty.match(Ljava/util/regex/Matcher;ILjava/lang/CharSequence;)Z @ 31
Event: 7.159 Thread 0x000000001abf0000 Uncommon trap: reason=class_check action=maybe_recompile pc=0x0000000003b5c0b0 method=java.util.regex.Pattern$BmpCharProperty.match(Ljava/util/regex/Matcher;ILjava/lang/CharSequence;)Z @ 31
Event: 7.908 Thread 0x000000001abf0000 Uncommon trap: reason=class_check action=maybe_recompile pc=0x0000000003c1dab8 method=java.io.DataInputStream.readShort()S @ 4
Event: 7.908 Thread 0x000000001abf0000 Uncommon trap: reason=class_check action=maybe_recompile pc=0x0000000003c1dab8 method=java.io.DataInputStream.readShort()S @ 4
Event: 7.908 Thread 0x000000001abf0000 Uncommon trap: reason=class_check action=maybe_recompile pc=0x0000000003c1dab8 method=java.io.DataInputStream.readShort()S @ 4
Event: 7.908 Thread 0x000000001abf0000 Uncommon trap: reason=class_check action=maybe_recompile pc=0x0000000003c1dab8 method=java.io.DataInputStream.readShort()S @ 4
Event: 13.462 Thread 0x000000001abf0000 Uncommon trap: reason=unstable_if action=reinterpret pc=0x00000000036e36f8 method=com.sun.javafx.image.impl.ByteBgra$ToByteBgraPreConv.doConvert([BII[BIIII)V @ 31
Event: 13.480 Thread 0x000000001abf0000 Uncommon trap: reason=unstable_if action=reinterpret pc=0x000000000372ca50 method=com.sun.javafx.image.impl.BaseByteToByteConverter$FourByteReorderer.doConvert([BII[BIIII)V @ 31
Event: 21.928 Thread 0x000000001abf0000 Uncommon trap: reason=unstable_if action=reinterpret pc=0x0000000003d84464 method=org.eclipse.jdt.launching.internal.org.objectweb.asm.ClassReader.accept(Lorg/eclipse/jdt/launching/internal/org/objectweb/asm/ClassVisitor;[Lorg/eclipse/jdt/launching/intern
Event: 21.929 Thread 0x000000001abf0000 Uncommon trap: reason=unstable_if action=reinterpret pc=0x0000000003c6abf4 method=org.eclipse.jdt.launching.internal.org.objectweb.asm.ClassWriter.toByteArray()[B @ 271

Internal exceptions (10 events):
Event: 1.410 Thread 0x00000000034d2800 Exception <a 'java/lang/NoSuchFieldError': method resolution failed> (0x00000000db74bb30) thrown at [C:\re\workspace\8-2-build-windows-amd64-cygwin\jdk8u151\9699\hotspot\src\share\vm\prims\methodHandles.cpp, line 1146]
Event: 1.417 Thread 0x00000000034d2800 Exception <a 'java/lang/NoSuchFieldError': method resolution failed> (0x00000000db7596f0) thrown at [C:\re\workspace\8-2-build-windows-amd64-cygwin\jdk8u151\9699\hotspot\src\share\vm\prims\methodHandles.cpp, line 1146]
Event: 1.473 Thread 0x00000000034d2800 Exception <a 'java/security/PrivilegedActionException'> (0x00000000db7f2360) thrown at [C:\re\workspace\8-2-build-windows-amd64-cygwin\jdk8u151\9699\hotspot\src\share\vm\prims\jvm.cpp, line 1390]
Event: 1.473 Thread 0x00000000034d2800 Exception <a 'java/security/PrivilegedActionException'> (0x00000000db7f2570) thrown at [C:\re\workspace\8-2-build-windows-amd64-cygwin\jdk8u151\9699\hotspot\src\share\vm\prims\jvm.cpp, line 1390]
Event: 1.475 Thread 0x00000000034d2800 Exception <a 'java/security/PrivilegedActionException'> (0x00000000db7f61e0) thrown at [C:\re\workspace\8-2-build-windows-amd64-cygwin\jdk8u151\9699\hotspot\src\share\vm\prims\jvm.cpp, line 1390]
Event: 1.475 Thread 0x00000000034d2800 Exception <a 'java/security/PrivilegedActionException'> (0x00000000db7f63f0) thrown at [C:\re\workspace\8-2-build-windows-amd64-cygwin\jdk8u151\9699\hotspot\src\share\vm\prims\jvm.cpp, line 1390]
Event: 1.476 Thread 0x00000000034d2800 Exception <a 'java/lang/NullPointerException'> (0x00000000db7f6d78) thrown at [C:\re\workspace\8-2-build-windows-amd64-cygwin\jdk8u151\9699\hotspot\src\share\vm\interpreter\linkResolver.cpp, line 1183]
Event: 3.289 Thread 0x000000001abf0000 Exception <a 'java/lang/NullPointerException'> (0x00000000dbe44b90) thrown at [C:\re\workspace\8-2-build-windows-amd64-cygwin\jdk8u151\9699\hotspot\src\share\vm\interpreter\linkResolver.cpp, line 1183]
Event: 3.289 Thread 0x000000001abf0000 Exception <a 'java/lang/NullPointerException'> (0x00000000dbe44b90) thrown at [C:\re\workspace\8-2-build-windows-amd64-cygwin\jdk8u151\9699\hotspot\src\share\vm\prims\jvm.cpp, line 1394]
Event: 3.525 Thread 0x000000001abf0000 Implicit null exception at 0x00000000038d9799 to 0x00000000038d9c69

Events (10 events):
Event: 21.928 Thread 0x000000001abf0000 Uncommon trap: trap_request=0xffffff65 fr.pc=0x0000000003d84464
Event: 21.928 Thread 0x000000001abf0000 DEOPT PACKING pc=0x0000000003d84464 sp=0x000000001c199810
Event: 21.929 Thread 0x000000001abf0000 DEOPT UNPACKING pc=0x000000000361582a sp=0x000000001c1997e0 mode 2
Event: 21.929 Thread 0x000000001abf0000 Uncommon trap: trap_request=0xffffff65 fr.pc=0x0000000003c6abf4
Event: 21.929 Thread 0x000000001abf0000 DEOPT PACKING pc=0x0000000003c6abf4 sp=0x000000001c1998b0
Event: 21.929 Thread 0x000000001abf0000 DEOPT UNPACKING pc=0x000000000361582a sp=0x000000001c199878 mode 2
Event: 21.929 loading class java/util/Collections$SingletonSet
Event: 21.930 loading class java/util/Collections$SingletonSet done
Event: 21.949 Executing VM operation: ParallelGCFailedAllocation
Event: 22.521 Executing VM operation: ParallelGCFailedAllocation done


Dynamic libraries:
0x00007ff780660000 - 0x00007ff780697000 	C:\Program Files\Java\jre1.8.0_151\bin\javaw.exe
0x00007ffe86b70000 - 0x00007ffe86d51000 	C:\WINDOWS\SYSTEM32\ntdll.dll
0x00007ffe844b0000 - 0x00007ffe84561000 	C:\WINDOWS\System32\KERNEL32.DLL
0x00007ffe832e0000 - 0x00007ffe83553000 	C:\WINDOWS\System32\KERNELBASE.dll
0x00007ffe86930000 - 0x00007ffe869d1000 	C:\WINDOWS\System32\ADVAPI32.dll
0x00007ffe863c0000 - 0x00007ffe8645e000 	C:\WINDOWS\System32\msvcrt.dll
0x00007ffe86540000 - 0x00007ffe8659b000 	C:\WINDOWS\System32\sechost.dll
0x00007ffe86100000 - 0x00007ffe86224000 	C:\WINDOWS\System32\RPCRT4.dll
0x00007ffe86230000 - 0x00007ffe863c0000 	C:\WINDOWS\System32\USER32.dll
0x00007ffe83e90000 - 0x00007ffe83eb0000 	C:\WINDOWS\System32\win32u.dll
0x00007ffe86490000 - 0x00007ffe864b8000 	C:\WINDOWS\System32\GDI32.dll
0x00007ffe83560000 - 0x00007ffe836f2000 	C:\WINDOWS\System32\gdi32full.dll
0x00007ffe83f60000 - 0x00007ffe83fff000 	C:\WINDOWS\System32\msvcp_win.dll
0x00007ffe82f40000 - 0x00007ffe83038000 	C:\WINDOWS\System32\ucrtbase.dll
0x00007ffe78a70000 - 0x00007ffe78cd9000 	C:\WINDOWS\WinSxS\amd64_microsoft.windows.common-controls_6595b64144ccf1df_6.0.17134.706_none_fb43a2cb30647007\COMCTL32.dll
0x00007ffe865a0000 - 0x00007ffe868c2000 	C:\WINDOWS\System32\combase.dll
0x00007ffe83700000 - 0x00007ffe8377a000 	C:\WINDOWS\System32\bcryptPrimitives.dll
0x00007ffe86460000 - 0x00007ffe8648d000 	C:\WINDOWS\System32\IMM32.DLL
0x0000000051850000 - 0x0000000051922000 	C:\Program Files\Java\jre1.8.0_151\bin\msvcr100.dll
0x00000000519d0000 - 0x000000005226d000 	C:\Program Files\Java\jre1.8.0_151\bin\server\jvm.dll
0x00007ffe869e0000 - 0x00007ffe869e8000 	C:\WINDOWS\System32\PSAPI.DLL
0x00007ffe81110000 - 0x00007ffe81133000 	C:\WINDOWS\SYSTEM32\WINMM.dll
0x00007ffe81150000 - 0x00007ffe81159000 	C:\WINDOWS\SYSTEM32\WSOCK32.dll
0x00007ffe86ad0000 - 0x00007ffe86b3c000 	C:\WINDOWS\System32\WS2_32.dll
0x00007ffe7e3a0000 - 0x00007ffe7e3aa000 	C:\WINDOWS\SYSTEM32\VERSION.dll
0x00007ffe810e0000 - 0x00007ffe8110a000 	C:\WINDOWS\SYSTEM32\WINMMBASE.dll
0x00007ffe83eb0000 - 0x00007ffe83ef9000 	C:\WINDOWS\System32\cfgmgr32.dll
0x0000000052d90000 - 0x0000000052d9f000 	C:\Program Files\Java\jre1.8.0_151\bin\verify.dll
0x0000000052d60000 - 0x0000000052d89000 	C:\Program Files\Java\jre1.8.0_151\bin\java.dll
0x0000000052b20000 - 0x0000000052b55000 	C:\Program Files\Java\jre1.8.0_151\bin\jdwp.dll
0x0000000052b10000 - 0x0000000052b18000 	C:\Program Files\Java\jre1.8.0_151\bin\npt.dll
0x0000000051820000 - 0x0000000051843000 	C:\Program Files\Java\jre1.8.0_151\bin\instrument.dll
0x0000000052d40000 - 0x0000000052d56000 	C:\Program Files\Java\jre1.8.0_151\bin\zip.dll
0x00007ffe84930000 - 0x00007ffe85d70000 	C:\WINDOWS\System32\SHELL32.dll
0x00007ffe86a10000 - 0x00007ffe86ab9000 	C:\WINDOWS\System32\shcore.dll
0x00007ffe83780000 - 0x00007ffe83e8d000 	C:\WINDOWS\System32\windows.storage.dll
0x00007ffe84450000 - 0x00007ffe844a1000 	C:\WINDOWS\System32\shlwapi.dll
0x00007ffe82f20000 - 0x00007ffe82f31000 	C:\WINDOWS\System32\kernel.appcore.dll
0x00007ffe82ee0000 - 0x00007ffe82eff000 	C:\WINDOWS\System32\profapi.dll
0x00007ffe82e80000 - 0x00007ffe82ecc000 	C:\WINDOWS\System32\powrprof.dll
0x00007ffe82ed0000 - 0x00007ffe82eda000 	C:\WINDOWS\System32\FLTLIB.DLL
0x0000000052b00000 - 0x0000000052b09000 	C:\Program Files\Java\jre1.8.0_151\bin\dt_socket.dll
0x00007ffe67ac0000 - 0x00007ffe67ad6000 	C:\WINDOWS\system32\napinsp.dll
0x00007ffe69060000 - 0x00007ffe6907a000 	C:\WINDOWS\system32\pnrpnsp.dll
0x00007ffe7b090000 - 0x00007ffe7b0a9000 	C:\WINDOWS\system32\NLAapi.dll
0x00007ffe826a0000 - 0x00007ffe82706000 	C:\WINDOWS\System32\mswsock.dll
0x00007ffe82460000 - 0x00007ffe8251e000 	C:\WINDOWS\SYSTEM32\DNSAPI.dll
0x00007ffe86ac0000 - 0x00007ffe86ac8000 	C:\WINDOWS\System32\NSI.dll
0x00007ffe82420000 - 0x00007ffe82458000 	C:\WINDOWS\SYSTEM32\IPHLPAPI.DLL
0x00007ffe739b0000 - 0x00007ffe739be000 	C:\WINDOWS\System32\winrnr.dll
0x00007ffe7c290000 - 0x00007ffe7c2a5000 	C:\WINDOWS\System32\wshbth.dll
0x00007ffe74f80000 - 0x00007ffe74ff2000 	C:\WINDOWS\System32\fwpuclnt.dll
0x00007ffe829e0000 - 0x00007ffe82a05000 	C:\WINDOWS\SYSTEM32\bcrypt.dll
0x00007ffe74f70000 - 0x00007ffe74f7a000 	C:\Windows\System32\rasadhlp.dll
0x0000000001960000 - 0x0000000001963000 	C:\Program Files\Java\jre1.8.0_151\bin\api-ms-win-core-console-l1-1-0.dll
0x0000000001970000 - 0x0000000001973000 	C:\Program Files\Java\jre1.8.0_151\bin\api-ms-win-core-datetime-l1-1-0.dll
0x0000000001980000 - 0x0000000001983000 	C:\Program Files\Java\jre1.8.0_151\bin\api-ms-win-core-debug-l1-1-0.dll
0x0000000001990000 - 0x0000000001993000 	C:\Program Files\Java\jre1.8.0_151\bin\api-ms-win-core-errorhandling-l1-1-0.dll
0x00000000019a0000 - 0x00000000019a4000 	C:\Program Files\Java\jre1.8.0_151\bin\api-ms-win-core-file-l1-1-0.dll
0x0000000003160000 - 0x0000000003163000 	C:\Program Files\Java\jre1.8.0_151\bin\api-ms-win-core-file-l1-2-0.dll
0x0000000003170000 - 0x0000000003173000 	C:\Program Files\Java\jre1.8.0_151\bin\api-ms-win-core-file-l2-1-0.dll
0x0000000003180000 - 0x0000000003183000 	C:\Program Files\Java\jre1.8.0_151\bin\api-ms-win-core-handle-l1-1-0.dll
0x0000000003190000 - 0x0000000003193000 	C:\Program Files\Java\jre1.8.0_151\bin\api-ms-win-core-heap-l1-1-0.dll
0x00000000031a0000 - 0x00000000031a3000 	C:\Program Files\Java\jre1.8.0_151\bin\api-ms-win-core-interlocked-l1-1-0.dll
0x00000000031b0000 - 0x00000000031b3000 	C:\Program Files\Java\jre1.8.0_151\bin\api-ms-win-core-libraryloader-l1-1-0.dll
0x00000000031c0000 - 0x00000000031c3000 	C:\Program Files\Java\jre1.8.0_151\bin\api-ms-win-core-localization-l1-2-0.dll
0x00000000031d0000 - 0x00000000031d3000 	C:\Program Files\Java\jre1.8.0_151\bin\api-ms-win-core-memory-l1-1-0.dll
0x00000000031e0000 - 0x00000000031e3000 	C:\Program Files\Java\jre1.8.0_151\bin\api-ms-win-core-namedpipe-l1-1-0.dll
0x0000000003300000 - 0x0000000003303000 	C:\Program Files\Java\jre1.8.0_151\bin\api-ms-win-core-processenvironment-l1-1-0.dll
0x0000000003310000 - 0x0000000003313000 	C:\Program Files\Java\jre1.8.0_151\bin\api-ms-win-core-processthreads-l1-1-0.dll
0x0000000003320000 - 0x0000000003323000 	C:\Program Files\Java\jre1.8.0_151\bin\api-ms-win-core-processthreads-l1-1-1.dll
0x0000000003330000 - 0x0000000003333000 	C:\Program Files\Java\jre1.8.0_151\bin\api-ms-win-core-profile-l1-1-0.dll
0x0000000003340000 - 0x0000000003343000 	C:\Program Files\Java\jre1.8.0_151\bin\api-ms-win-core-rtlsupport-l1-1-0.dll
0x0000000003350000 - 0x0000000003353000 	C:\Program Files\Java\jre1.8.0_151\bin\api-ms-win-core-string-l1-1-0.dll
0x0000000003360000 - 0x0000000003363000 	C:\Program Files\Java\jre1.8.0_151\bin\api-ms-win-core-synch-l1-1-0.dll
0x0000000003370000 - 0x0000000003373000 	C:\Program Files\Java\jre1.8.0_151\bin\api-ms-win-core-synch-l1-2-0.dll
0x0000000003380000 - 0x0000000003383000 	C:\Program Files\Java\jre1.8.0_151\bin\api-ms-win-core-sysinfo-l1-1-0.dll
0x0000000003390000 - 0x0000000003393000 	C:\Program Files\Java\jre1.8.0_151\bin\api-ms-win-core-timezone-l1-1-0.dll
0x00000000033a0000 - 0x00000000033a3000 	C:\Program Files\Java\jre1.8.0_151\bin\api-ms-win-core-util-l1-1-0.dll
0x000000001b730000 - 0x000000001b733000 	C:\Program Files\Java\jre1.8.0_151\bin\api-ms-win-crt-conio-l1-1-0.dll
0x000000001b740000 - 0x000000001b744000 	C:\Program Files\Java\jre1.8.0_151\bin\api-ms-win-crt-convert-l1-1-0.dll
0x000000001b750000 - 0x000000001b753000 	C:\Program Files\Java\jre1.8.0_151\bin\api-ms-win-crt-environment-l1-1-0.dll
0x000000001b760000 - 0x000000001b763000 	C:\Program Files\Java\jre1.8.0_151\bin\api-ms-win-crt-filesystem-l1-1-0.dll
0x000000001b770000 - 0x000000001b773000 	C:\Program Files\Java\jre1.8.0_151\bin\api-ms-win-crt-heap-l1-1-0.dll
0x000000001b780000 - 0x000000001b783000 	C:\Program Files\Java\jre1.8.0_151\bin\api-ms-win-crt-locale-l1-1-0.dll
0x000000001b790000 - 0x000000001b795000 	C:\Program Files\Java\jre1.8.0_151\bin\api-ms-win-crt-math-l1-1-0.dll
0x000000001b7a0000 - 0x000000001b7a5000 	C:\Program Files\Java\jre1.8.0_151\bin\api-ms-win-crt-multibyte-l1-1-0.dll
0x000000001b7b0000 - 0x000000001b7c0000 	C:\Program Files\Java\jre1.8.0_151\bin\api-ms-win-crt-private-l1-1-0.dll
0x000000001b7c0000 - 0x000000001b7c3000 	C:\Program Files\Java\jre1.8.0_151\bin\api-ms-win-crt-process-l1-1-0.dll
0x000000001b7d0000 - 0x000000001b7d4000 	C:\Program Files\Java\jre1.8.0_151\bin\api-ms-win-crt-runtime-l1-1-0.dll
0x000000001b7e0000 - 0x000000001b7e4000 	C:\Program Files\Java\jre1.8.0_151\bin\api-ms-win-crt-stdio-l1-1-0.dll
0x000000001b7f0000 - 0x000000001b7f4000 	C:\Program Files\Java\jre1.8.0_151\bin\api-ms-win-crt-string-l1-1-0.dll
0x000000001b800000 - 0x000000001b803000 	C:\Program Files\Java\jre1.8.0_151\bin\api-ms-win-crt-time-l1-1-0.dll
0x000000001b810000 - 0x000000001b813000 	C:\Program Files\Java\jre1.8.0_151\bin\api-ms-win-crt-utility-l1-1-0.dll
0x00007ffe6e050000 - 0x00007ffe6e146000 	C:\Program Files\Java\jre1.8.0_151\bin\ucrtbase.dll
0x00007ffe69d00000 - 0x00007ffe69d51000 	C:\Program Files\Java\jre1.8.0_151\bin\concrt140.dll
0x00007ffe77fe0000 - 0x00007ffe77ff6000 	C:\Program Files\Java\jre1.8.0_151\bin\VCRUNTIME140.dll
0x00007ffe66690000 - 0x00007ffe6672c000 	C:\Program Files\Java\jre1.8.0_151\bin\MSVCP140.dll
0x00000000517f0000 - 0x0000000051813000 	C:\Program Files\Java\jre1.8.0_151\bin\prism_d3d.dll
0x00007ffe35bf0000 - 0x00007ffe35d87000 	C:\WINDOWS\system32\d3d9.dll
0x00007ffe81610000 - 0x00007ffe81639000 	C:\WINDOWS\SYSTEM32\dwmapi.dll
0x00007ffe81380000 - 0x00007ffe81418000 	C:\WINDOWS\system32\uxtheme.dll
0x00007ffe7e3b0000 - 0x00007ffe7e514000 	C:\WINDOWS\SYSTEM32\aticfx64.dll
0x00007ffe5d330000 - 0x00007ffe5d351000 	C:\WINDOWS\SYSTEM32\atiu9p64.dll
0x00007ffe35390000 - 0x00007ffe35be9000 	C:\WINDOWS\SYSTEM32\atiumd64.dll
0x0000000052270000 - 0x0000000052af8000 	C:\WINDOWS\SYSTEM32\atiumd6a.dll
0x00000000517a0000 - 0x00000000517e9000 	C:\Program Files\Java\jre1.8.0_151\bin\glass.dll
0x00007ffe85d70000 - 0x00007ffe85e5d000 	C:\WINDOWS\System32\COMDLG32.dll
0x00007ffe85e60000 - 0x00007ffe85fb1000 	C:\WINDOWS\System32\ole32.dll
0x00007ffe85fd0000 - 0x00007ffe86092000 	C:\WINDOWS\System32\OLEAUT32.dll
0x00007ffe847b0000 - 0x00007ffe84923000 	C:\WINDOWS\System32\MSCTF.dll
0x00007ffe658b0000 - 0x00007ffe658f8000 	C:\Program Files (x86)\TeamViewer\tv_x64.dll
0x00007ffe82850000 - 0x00007ffe82867000 	C:\WINDOWS\SYSTEM32\CRYPTSP.dll
0x00007ffe82280000 - 0x00007ffe822b3000 	C:\WINDOWS\system32\rsaenh.dll
0x00007ffe82db0000 - 0x00007ffe82dd8000 	C:\WINDOWS\SYSTEM32\USERENV.dll
0x00007ffe82870000 - 0x00007ffe8287b000 	C:\WINDOWS\SYSTEM32\CRYPTBASE.dll
0x0000000052d20000 - 0x0000000052d3a000 	C:\Program Files\Java\jre1.8.0_151\bin\net.dll
0x00007ffe79820000 - 0x00007ffe79836000 	C:\WINDOWS\SYSTEM32\dhcpcsvc6.DLL
0x00007ffe79cc0000 - 0x00007ffe79cda000 	C:\WINDOWS\SYSTEM32\dhcpcsvc.DLL
0x0000000052d00000 - 0x0000000052d11000 	C:\Program Files\Java\jre1.8.0_151\bin\nio.dll
0x0000000061680000 - 0x000000006176d000 	C:\Users\Oscar\AppData\Local\Temp\sqlite-3.14.2.1-6f1db3f0-18f3-4013-9aff-0e7330299b6b-sqlitejdbc.dll
0x0000000051780000 - 0x0000000051794000 	C:\Program Files\Java\jre1.8.0_151\bin\javafx_font.dll
0x00007ffe76070000 - 0x00007ffe7638c000 	C:\WINDOWS\SYSTEM32\dwrite.dll
0x00007ffe84570000 - 0x00007ffe84610000 	C:\WINDOWS\System32\clbcatq.dll
0x00007ffe7ee20000 - 0x00007ffe7efce000 	C:\WINDOWS\SYSTEM32\WindowsCodecs.dll
0x00007ffe679e0000 - 0x00007ffe67a38000 	C:\WINDOWS\system32\dataexchange.dll
0x00007ffe80540000 - 0x00007ffe8084b000 	C:\WINDOWS\system32\d3d11.dll
0x00007ffe81c40000 - 0x00007ffe81cfb000 	C:\WINDOWS\system32\dxgi.dll

VM Arguments:
jvm_args: -agentlib:jdwp=transport=dt_socket,suspend=y,address=localhost:50144 -javaagent:C:\Users\Oscar\eclipse\java-2018-09\eclipse\configuration\org.eclipse.osgi\237\0\.cp\lib\javaagent-shaded.jar -Dfile.encoding=Cp1252 
java_command: application.Main
java_class_path (initial): C:\Users\Oscar\workspace\Gestion Proyectos ENAGAS\bin;C:\Users\Oscar\.p2\pool\plugins\org.eclipse.fx.ide.css.jfx8_3.4.1.201810030906.jar;C:\Users\Oscar\workspace\Gestion Proyectos ENAGAS\lib\controlsfx-8.40.14.jar;C:\Users\Oscar\workspace\Gestion Proyectos ENAGAS\lib\jdom-2.0.6-contrib.jar;C:\Users\Oscar\workspace\Gestion Proyectos ENAGAS\lib\jdom-2.0.6-javadoc.jar;C:\Users\Oscar\workspace\Gestion Proyectos ENAGAS\lib\jdom-2.0.6-junit.jar;C:\Users\Oscar\workspace\Gestion Proyectos ENAGAS\lib\jdom-2.0.6-sources.jar;C:\Users\Oscar\workspace\Gestion Proyectos ENAGAS\lib\jdom-2.0.6.jar;C:\Users\Oscar\workspace\Gestion Proyectos ENAGAS\lib\xml-apis.jar;C:\Users\Oscar\workspace\Gestion Proyectos ENAGAS\lib\serializer-2.7.2.jar;C:\Users\Oscar\workspace\Gestion Proyectos ENAGAS\lib\xercesImpl.jar;C:\Users\Oscar\workspace\Gestion Proyectos ENAGAS\lib\xalan-2.7.2.jar;C:\Users\Oscar\workspace\Gestion Proyectos ENAGAS\lib\sqlite-jdbc-3.14.2.1.jar;C:\Users\Oscar\workspace\Gestion Proyectos ENAGAS\lib\commons-collections4-4.2.jar;C:\Users\Oscar\workspace\Gestion Proyectos ENAGAS\lib\poi-4.0.1.jar;C:\Users\Oscar\workspace\Gestion Proyectos ENAGAS\lib\poi-ooxml-4.0.1.jar;C:\Users\Oscar\workspace\Gestion Proyectos ENAGAS\lib\poi-ooxml-schemas-4.0.1.jar;C:\Users\Oscar\workspace\Gestion Proyectos ENAGAS\lib\commons-codec-1.11.jar;C:\Users\Oscar\workspace\Gestion Proyectos ENAGAS\lib\commons-compress-1.18.jar;C:\Users\Oscar\workspace\Gestion Proyectos ENAGAS\lib\commons-logging-1.2.jar;C:\Users\Oscar\workspace\Gestion Proyectos ENAGAS\lib\commons-math3-3.6.1.jar;C:\Users\Oscar\workspace\Gestion Proyectos ENAGAS\lib\poi-excelant-4.0.1.jar;C:\Users\Oscar\workspace\Gestion Proyectos ENAGAS\lib\poi-scratchpad-4.0.1.jar;C:\Users\Oscar\workspace\Gestion Proyectos ENAGAS\lib\curvesapi-1.05.jar;C:\Users\Oscar\workspace\Gestion Proyectos ENAGAS\lib\xmlbeans-3.0.2.jar;C:\Users\Oscar\eclipse\java-2018-09\eclipse\configuration\org.eclipse.osgi\237\0\.cp\lib\javaagent-s
Launcher Type: SUN_STANDARD

Environment Variables:
PATH=C:/Program Files/Java/jre1.8.0_151/bin/server;C:/Program Files/Java/jre1.8.0_151/bin;C:/Program Files/Java/jre1.8.0_151/lib/amd64;C:\ProgramData\Oracle\Java\javapath;C:\Program Files\Broadcom\Broadcom 802.11 Network Adapter;;C:\WINDOWS\system32;C:\WINDOWS;C:\WINDOWS\System32\Wbem;C:\WINDOWS\System32\WindowsPowerShell\v1.0\;c:\Program Files (x86)\ATI Technologies\ATI.ACE\Core-Static;C:\Program Files (x86)\Calibre2\;C:\WINDOWS\System32\OpenSSH\;C:\Users\Oscar\AppData\Local\Microsoft\WindowsApps;;C:\Users\Oscar\Desktop;
USERNAME=Oscar
OS=Windows_NT
PROCESSOR_IDENTIFIER=AMD64 Family 22 Model 48 Stepping 1, AuthenticAMD



---------------  S Y S T E M  ---------------

OS: Windows 10.0 , 64 bit Build 17134 (10.0.17134.706)

CPU:total 4 (initial active 4) (4 cores per cpu, 1 threads per core) family 22 model 48 stepping 1, cmov, cx8, fxsr, mmx, sse, sse2, sse3, ssse3, sse4.1, sse4.2, popcnt, avx, aes, clmul, mmxext, 3dnowpref, lzcnt, sse4a, tsc, tscinvbit, tscinv, bmi1

Memory: 4k page, physical 7283720k(949728k free), swap 9111560k(3160k free)

vm_info: Java HotSpot(TM) 64-Bit Server VM (25.151-b12) for windows-amd64 JRE (1.8.0_151-b12), built on Sep  5 2017 19:33:46 by "java_re" with MS VC++ 10.0 (VS2010)

time: Thu May 02 11:56:33 2019
elapsed time: 22 seconds (0d 0h 0m 22s)

